0 verbose cli /usr/local/bin/node /usr/local/bin/npm
1 info using npm@10.8.2
2 info using node@v20.19.0
3 silly config load:file:/usr/local/lib/node_modules/npm/npmrc
4 silly config load:file:/data/.npmrc
5 silly config load:file:/usr/src/node-red/.npmrc
6 silly config load:file:/usr/local/etc/npmrc
7 verbose title npm install node-red-node-ui-table@0.4.4
8 verbose argv "install" "--no-audit" "--no-update-notifier" "--no-fund" "--save" "--save-prefix" "~" "--omit" "dev" "--engine-strict" "node-red-node-ui-table@0.4.4"
9 verbose logfile logs-max:10 dir:/data/.npm/_logs/2025-06-30T13_47_27_966Z-
10 verbose logfile /data/.npm/_logs/2025-06-30T13_47_27_966Z-debug-0.log
11 silly packumentCache heap:4345298944 maxSize:1086324736 maxEntrySize:543162368
12 silly logfile start cleaning logs, removing 1 files
13 silly logfile done cleaning log files
14 silly idealTree buildDeps
15 silly fetch manifest node-red-node-ui-table@0.4.4
16 silly packumentCache full:https://registry.npmjs.org/node-red-node-ui-table cache-miss
17 http fetch GET 200 https://registry.npmjs.org/node-red-node-ui-table 1083ms (cache miss)
18 silly packumentCache full:https://registry.npmjs.org/node-red-node-ui-table set size:undefined disposed:false
19 silly fetch manifest node-red-dashboard@~3.6.5
20 silly packumentCache full:https://registry.npmjs.org/node-red-dashboard cache-miss
21 http fetch GET 200 https://registry.npmjs.org/node-red-dashboard 104ms (cache revalidated)
22 silly packumentCache full:https://registry.npmjs.org/node-red-dashboard set size:592118 disposed:false
23 silly placeDep ROOT node-red-node-ui-table@0.4.4 OK for: node-red-project@0.0.1 want: 0.4.4
24 silly reify moves {}
25 silly tarball no local data for node-red-node-ui-table@https://registry.npmjs.org/node-red-node-ui-table/-/node-red-node-ui-table-0.4.4.tgz. Extracting by manifest.
26 http fetch GET 200 https://registry.npmjs.org/node-red-node-ui-table/-/node-red-node-ui-table-0.4.4.tgz 186ms (cache miss)
27 silly ADD node_modules/node-red-node-ui-table
28 verbose cwd /data
29 verbose os Linux 6.9.3-76060903-generic
30 verbose node v20.19.0
31 verbose npm  v10.8.2
32 verbose exit 0
33 info ok
