0 verbose cli /usr/local/bin/node /usr/local/bin/npm
1 info using npm@10.8.2
2 info using node@v20.19.0
3 silly config load:file:/usr/local/lib/node_modules/npm/npmrc
4 silly config load:file:/data/.npmrc
5 silly config load:file:/usr/src/node-red/.npmrc
6 silly config load:file:/usr/local/etc/npmrc
7 verbose title npm install node-red-node-sqlite@1.1.0
8 verbose argv "install" "--no-audit" "--no-update-notifier" "--no-fund" "--save" "--save-prefix" "~" "--omit" "dev" "--engine-strict" "node-red-node-sqlite@1.1.0"
9 verbose logfile logs-max:10 dir:/data/.npm/_logs/2025-06-30T10_33_39_658Z-
10 verbose logfile /data/.npm/_logs/2025-06-30T10_33_39_658Z-debug-0.log
11 silly packumentCache heap:2105016320 maxSize:526254080 maxEntrySize:263127040
12 silly logfile done cleaning log files
13 silly idealTree buildDeps
14 silly fetch manifest node-red-node-sqlite@1.1.0
15 silly packumentCache full:https://registry.npmjs.org/node-red-node-sqlite cache-miss
16 http fetch GET 200 https://registry.npmjs.org/node-red-node-sqlite 187ms (cache miss)
17 silly packumentCache full:https://registry.npmjs.org/node-red-node-sqlite set size:undefined disposed:false
18 silly placeDep ROOT node-red-node-sqlite@1.1.0 OK for: node-red-project@0.0.1 want: 1.1.0
19 silly fetch manifest sqlite3@^5.1.6
20 silly packumentCache full:https://registry.npmjs.org/sqlite3 cache-miss
21 http fetch GET 200 https://registry.npmjs.org/sqlite3 56ms (cache miss)
22 silly packumentCache full:https://registry.npmjs.org/sqlite3 set size:undefined disposed:false
23 silly placeDep ROOT sqlite3@5.1.7 OK for: node-red-node-sqlite@1.1.0 want: ^5.1.6
24 silly fetch manifest bindings@^1.5.0
25 silly packumentCache full:https://registry.npmjs.org/bindings cache-miss
26 silly fetch manifest node-addon-api@^7.0.0
27 silly packumentCache full:https://registry.npmjs.org/node-addon-api cache-miss
28 silly fetch manifest prebuild-install@^7.1.1
29 silly packumentCache full:https://registry.npmjs.org/prebuild-install cache-miss
30 silly fetch manifest tar@^6.1.11
31 silly packumentCache full:https://registry.npmjs.org/tar cache-miss
32 silly fetch manifest node-gyp@8.x
33 silly packumentCache full:https://registry.npmjs.org/node-gyp cache-miss
34 http fetch GET 200 https://registry.npmjs.org/bindings 135ms (cache miss)
35 silly packumentCache full:https://registry.npmjs.org/bindings set size:undefined disposed:false
36 http fetch GET 200 https://registry.npmjs.org/prebuild-install 193ms (cache miss)
37 silly packumentCache full:https://registry.npmjs.org/prebuild-install set size:undefined disposed:false
38 http fetch GET 200 https://registry.npmjs.org/node-addon-api 195ms (cache miss)
39 silly packumentCache full:https://registry.npmjs.org/node-addon-api set size:undefined disposed:false
40 http fetch GET 200 https://registry.npmjs.org/node-gyp 203ms (cache miss)
41 silly packumentCache full:https://registry.npmjs.org/node-gyp set size:undefined disposed:false
42 http fetch GET 200 https://registry.npmjs.org/tar 207ms (cache miss)
43 silly packumentCache full:https://registry.npmjs.org/tar set size:undefined disposed:false
44 silly placeDep ROOT bindings@1.5.0 OK for: sqlite3@5.1.7 want: ^1.5.0
45 silly placeDep ROOT node-addon-api@7.1.1 OK for: sqlite3@5.1.7 want: ^7.0.0
46 silly placeDep ROOT node-gyp@8.4.1 OK for: sqlite3@5.1.7 want: 8.x
47 silly placeDep ROOT prebuild-install@7.1.3 OK for: sqlite3@5.1.7 want: ^7.1.1
48 silly placeDep ROOT tar@6.2.1 OK for: sqlite3@5.1.7 want: ^6.1.11
49 silly fetch manifest file-uri-to-path@1.0.0
50 silly packumentCache full:https://registry.npmjs.org/file-uri-to-path cache-miss
51 silly fetch manifest tar@^6.1.2
52 silly packumentCache full:https://registry.npmjs.org/tar cache-miss
53 silly fetch manifest glob@^7.1.4
54 silly packumentCache full:https://registry.npmjs.org/glob cache-miss
55 silly fetch manifest nopt@^5.0.0
56 silly packumentCache full:https://registry.npmjs.org/nopt cache-miss
57 silly fetch manifest which@^2.0.2
58 silly packumentCache full:https://registry.npmjs.org/which cache-miss
59 silly fetch manifest npmlog@^6.0.0
60 silly packumentCache full:https://registry.npmjs.org/npmlog cache-miss
61 silly fetch manifest rimraf@^3.0.2
62 silly packumentCache full:https://registry.npmjs.org/rimraf cache-miss
63 http fetch GET 200 https://registry.npmjs.org/tar 19ms (cache hit)
64 silly packumentCache full:https://registry.npmjs.org/tar set size:398957 disposed:false
65 silly fetch manifest semver@^7.3.5
66 silly packumentCache full:https://registry.npmjs.org/semver cache-miss
67 http fetch GET 200 https://registry.npmjs.org/file-uri-to-path 50ms (cache miss)
68 silly packumentCache full:https://registry.npmjs.org/file-uri-to-path set size:undefined disposed:false
69 silly fetch manifest env-paths@^2.2.0
70 silly packumentCache full:https://registry.npmjs.org/env-paths cache-miss
71 http fetch GET 200 https://registry.npmjs.org/which 50ms (cache miss)
72 silly packumentCache full:https://registry.npmjs.org/which set size:undefined disposed:false
73 silly fetch manifest graceful-fs@^4.2.6
74 silly packumentCache full:https://registry.npmjs.org/graceful-fs cache-miss
75 http fetch GET 200 https://registry.npmjs.org/npmlog 57ms (cache miss)
76 silly packumentCache full:https://registry.npmjs.org/npmlog set size:undefined disposed:false
77 silly fetch manifest make-fetch-happen@^9.1.0
78 silly packumentCache full:https://registry.npmjs.org/make-fetch-happen cache-miss
79 http fetch GET 200 https://registry.npmjs.org/nopt 59ms (cache miss)
80 silly packumentCache full:https://registry.npmjs.org/nopt set size:undefined disposed:false
81 silly fetch manifest detect-libc@^2.0.0
82 silly packumentCache full:https://registry.npmjs.org/detect-libc cache-miss
83 http fetch GET 200 https://registry.npmjs.org/glob 67ms (cache miss)
84 silly packumentCache full:https://registry.npmjs.org/glob set size:undefined disposed:false
85 silly fetch manifest expand-template@^2.0.3
86 silly packumentCache full:https://registry.npmjs.org/expand-template cache-miss
87 http fetch GET 200 https://registry.npmjs.org/env-paths 34ms (cache miss)
88 silly packumentCache full:https://registry.npmjs.org/env-paths set size:undefined disposed:false
89 silly fetch manifest github-from-package@0.0.0
90 silly packumentCache full:https://registry.npmjs.org/github-from-package cache-miss
91 http fetch GET 200 https://registry.npmjs.org/graceful-fs 36ms (cache miss)
92 silly packumentCache full:https://registry.npmjs.org/graceful-fs set size:undefined disposed:false
93 silly fetch manifest minimist@^1.2.3
94 silly packumentCache full:https://registry.npmjs.org/minimist cache-miss
95 http fetch GET 200 https://registry.npmjs.org/detect-libc 37ms (cache miss)
96 silly packumentCache full:https://registry.npmjs.org/detect-libc set size:undefined disposed:false
97 silly fetch manifest mkdirp-classic@^0.5.3
98 silly packumentCache full:https://registry.npmjs.org/mkdirp-classic cache-miss
99 http fetch GET 200 https://registry.npmjs.org/expand-template 41ms (cache miss)
100 silly packumentCache full:https://registry.npmjs.org/expand-template set size:undefined disposed:false
101 silly fetch manifest napi-build-utils@^2.0.0
102 silly packumentCache full:https://registry.npmjs.org/napi-build-utils cache-miss
103 http fetch GET 200 https://registry.npmjs.org/make-fetch-happen 55ms (cache miss)
104 silly packumentCache full:https://registry.npmjs.org/make-fetch-happen set size:undefined disposed:false
105 silly fetch manifest node-abi@^3.3.0
106 silly packumentCache full:https://registry.npmjs.org/node-abi cache-miss
107 http fetch GET 200 https://registry.npmjs.org/github-from-package 43ms (cache miss)
108 silly packumentCache full:https://registry.npmjs.org/github-from-package set size:undefined disposed:false
109 silly fetch manifest pump@^3.0.0
110 silly packumentCache full:https://registry.npmjs.org/pump cache-miss
111 http fetch GET 200 https://registry.npmjs.org/minimist 42ms (cache miss)
112 silly packumentCache full:https://registry.npmjs.org/minimist set size:undefined disposed:false
113 silly fetch manifest rc@^1.2.7
114 silly packumentCache full:https://registry.npmjs.org/rc cache-miss
115 http fetch GET 200 https://registry.npmjs.org/rimraf 133ms (cache miss)
116 silly packumentCache full:https://registry.npmjs.org/rimraf set size:undefined disposed:false
117 silly fetch manifest simple-get@^4.0.0
118 silly packumentCache full:https://registry.npmjs.org/simple-get cache-miss
119 http fetch GET 200 https://registry.npmjs.org/semver 117ms (cache miss)
120 silly packumentCache full:https://registry.npmjs.org/semver set size:undefined disposed:false
121 silly fetch manifest tar-fs@^2.0.0
122 silly packumentCache full:https://registry.npmjs.org/tar-fs cache-miss
123 http fetch GET 200 https://registry.npmjs.org/napi-build-utils 39ms (cache miss)
124 silly packumentCache full:https://registry.npmjs.org/napi-build-utils set size:undefined disposed:false
125 silly fetch manifest tunnel-agent@^0.6.0
126 silly packumentCache full:https://registry.npmjs.org/tunnel-agent cache-miss
127 http fetch GET 200 https://registry.npmjs.org/mkdirp-classic 54ms (cache miss)
128 silly packumentCache full:https://registry.npmjs.org/mkdirp-classic set size:undefined disposed:false
129 silly fetch manifest chownr@^2.0.0
130 silly packumentCache full:https://registry.npmjs.org/chownr cache-miss
131 http fetch GET 200 https://registry.npmjs.org/pump 33ms (cache miss)
132 silly packumentCache full:https://registry.npmjs.org/pump set size:undefined disposed:false
133 silly fetch manifest mkdirp@^1.0.3
134 silly packumentCache full:https://registry.npmjs.org/mkdirp cache-miss
135 http fetch GET 200 https://registry.npmjs.org/node-abi 47ms (cache miss)
136 silly packumentCache full:https://registry.npmjs.org/node-abi set size:undefined disposed:false
137 silly fetch manifest yallist@^4.0.0
138 silly packumentCache full:https://registry.npmjs.org/yallist cache-miss
139 http fetch GET 200 https://registry.npmjs.org/rc 51ms (cache miss)
140 silly packumentCache full:https://registry.npmjs.org/rc set size:undefined disposed:false
141 silly fetch manifest minipass@^5.0.0
142 silly packumentCache full:https://registry.npmjs.org/minipass cache-miss
143 http fetch GET 200 https://registry.npmjs.org/tar-fs 44ms (cache miss)
144 silly packumentCache full:https://registry.npmjs.org/tar-fs set size:undefined disposed:false
145 silly fetch manifest minizlib@^2.1.1
146 silly packumentCache full:https://registry.npmjs.org/minizlib cache-miss
147 http fetch GET 200 https://registry.npmjs.org/chownr 37ms (cache miss)
148 silly packumentCache full:https://registry.npmjs.org/chownr set size:undefined disposed:false
149 silly fetch manifest fs-minipass@^2.0.0
150 silly packumentCache full:https://registry.npmjs.org/fs-minipass cache-miss
151 http fetch GET 200 https://registry.npmjs.org/tunnel-agent 41ms (cache miss)
152 silly packumentCache full:https://registry.npmjs.org/tunnel-agent set size:undefined disposed:false
153 http fetch GET 200 https://registry.npmjs.org/simple-get 62ms (cache miss)
154 silly packumentCache full:https://registry.npmjs.org/simple-get set size:undefined disposed:false
155 http fetch GET 200 https://registry.npmjs.org/mkdirp 38ms (cache miss)
156 silly packumentCache full:https://registry.npmjs.org/mkdirp set size:undefined disposed:false
157 http fetch GET 200 https://registry.npmjs.org/yallist 35ms (cache miss)
158 silly packumentCache full:https://registry.npmjs.org/yallist set size:undefined disposed:false
159 http fetch GET 200 https://registry.npmjs.org/minizlib 39ms (cache miss)
160 silly packumentCache full:https://registry.npmjs.org/minizlib set size:undefined disposed:false
161 http fetch GET 200 https://registry.npmjs.org/fs-minipass 35ms (cache miss)
162 silly packumentCache full:https://registry.npmjs.org/fs-minipass set size:undefined disposed:false
163 http fetch GET 200 https://registry.npmjs.org/minipass 45ms (cache miss)
164 silly packumentCache full:https://registry.npmjs.org/minipass set size:undefined disposed:false
165 silly placeDep ROOT file-uri-to-path@1.0.0 OK for: bindings@1.5.0 want: 1.0.0
166 silly placeDep ROOT env-paths@2.2.1 OK for: node-gyp@8.4.1 want: ^2.2.0
167 silly placeDep ROOT glob@7.2.3 OK for: node-gyp@8.4.1 want: ^7.1.4
168 silly placeDep ROOT graceful-fs@4.2.11 OK for: node-gyp@8.4.1 want: ^4.2.6
169 silly placeDep ROOT make-fetch-happen@9.1.0 OK for: node-gyp@8.4.1 want: ^9.1.0
170 silly placeDep ROOT nopt@5.0.0 OK for: node-gyp@8.4.1 want: ^5.0.0
171 silly placeDep ROOT npmlog@6.0.2 OK for: node-gyp@8.4.1 want: ^6.0.0
172 silly placeDep ROOT rimraf@3.0.2 OK for: node-gyp@8.4.1 want: ^3.0.2
173 silly placeDep ROOT semver@7.7.2 OK for: node-gyp@8.4.1 want: ^7.3.5
174 silly placeDep ROOT which@2.0.2 OK for: node-gyp@8.4.1 want: ^2.0.2
175 silly fetch manifest inflight@^1.0.4
176 silly packumentCache full:https://registry.npmjs.org/inflight cache-miss
177 silly fetch manifest minimatch@^3.1.1
178 silly packumentCache full:https://registry.npmjs.org/minimatch cache-miss
179 silly fetch manifest fs.realpath@^1.0.0
180 silly packumentCache full:https://registry.npmjs.org/fs.realpath cache-miss
181 silly fetch manifest path-is-absolute@^1.0.0
182 silly packumentCache full:https://registry.npmjs.org/path-is-absolute cache-miss
183 silly fetch manifest ssri@^8.0.0
184 silly packumentCache full:https://registry.npmjs.org/ssri cache-miss
185 silly fetch manifest cacache@^15.2.0
186 silly packumentCache full:https://registry.npmjs.org/cacache cache-miss
187 silly fetch manifest minipass@^3.1.3
188 silly packumentCache full:https://registry.npmjs.org/minipass cache-miss
189 http fetch GET 200 https://registry.npmjs.org/minipass 7ms (cache hit)
190 silly packumentCache full:https://registry.npmjs.org/minipass set size:490195 disposed:false
191 silly fetch manifest is-lambda@^1.0.1
192 silly packumentCache full:https://registry.npmjs.org/is-lambda cache-miss
193 http fetch GET 200 https://registry.npmjs.org/fs.realpath 45ms (cache miss)
194 silly packumentCache full:https://registry.npmjs.org/fs.realpath set size:undefined disposed:false
195 silly fetch manifest lru-cache@^6.0.0
196 silly packumentCache full:https://registry.npmjs.org/lru-cache cache-miss
197 http fetch GET 200 https://registry.npmjs.org/inflight 50ms (cache miss)
198 silly packumentCache full:https://registry.npmjs.org/inflight set size:undefined disposed:false
199 silly fetch manifest promise-retry@^2.0.1
200 silly packumentCache full:https://registry.npmjs.org/promise-retry cache-miss
201 http fetch GET 200 https://registry.npmjs.org/path-is-absolute 50ms (cache miss)
202 silly packumentCache full:https://registry.npmjs.org/path-is-absolute set size:undefined disposed:false
203 silly fetch manifest agentkeepalive@^4.1.3
204 silly packumentCache full:https://registry.npmjs.org/agentkeepalive cache-miss
205 http fetch GET 200 https://registry.npmjs.org/ssri 52ms (cache miss)
206 silly packumentCache full:https://registry.npmjs.org/ssri set size:undefined disposed:false
207 silly fetch manifest minipass-fetch@^1.3.2
208 silly packumentCache full:https://registry.npmjs.org/minipass-fetch cache-miss
209 http fetch GET 200 https://registry.npmjs.org/is-lambda 54ms (cache miss)
210 silly packumentCache full:https://registry.npmjs.org/is-lambda set size:undefined disposed:false
211 silly fetch manifest minipass-flush@^1.0.5
212 silly packumentCache full:https://registry.npmjs.org/minipass-flush cache-miss
213 http fetch GET 200 https://registry.npmjs.org/cacache 66ms (cache miss)
214 silly packumentCache full:https://registry.npmjs.org/cacache set size:undefined disposed:false
215 silly fetch manifest http-proxy-agent@^4.0.1
216 silly packumentCache full:https://registry.npmjs.org/http-proxy-agent cache-miss
217 http fetch GET 200 https://registry.npmjs.org/minimatch 75ms (cache miss)
218 silly packumentCache full:https://registry.npmjs.org/minimatch set size:undefined disposed:false
219 silly fetch manifest minipass-collect@^1.0.2
220 silly packumentCache full:https://registry.npmjs.org/minipass-collect cache-miss
221 http fetch GET 200 https://registry.npmjs.org/promise-retry 112ms (cache miss)
222 silly packumentCache full:https://registry.npmjs.org/promise-retry set size:undefined disposed:false
223 silly fetch manifest https-proxy-agent@^5.0.0
224 silly packumentCache full:https://registry.npmjs.org/https-proxy-agent cache-miss
225 http fetch GET 200 https://registry.npmjs.org/agentkeepalive 112ms (cache miss)
226 silly packumentCache full:https://registry.npmjs.org/agentkeepalive set size:undefined disposed:false
227 silly fetch manifest minipass-pipeline@^1.2.4
228 silly packumentCache full:https://registry.npmjs.org/minipass-pipeline cache-miss
229 http fetch GET 200 https://registry.npmjs.org/lru-cache 123ms (cache miss)
230 silly packumentCache full:https://registry.npmjs.org/lru-cache set size:undefined disposed:false
231 silly fetch manifest socks-proxy-agent@^6.0.0
232 silly packumentCache full:https://registry.npmjs.org/socks-proxy-agent cache-miss
233 http fetch GET 200 https://registry.npmjs.org/minipass-collect 105ms (cache miss)
234 silly packumentCache full:https://registry.npmjs.org/minipass-collect set size:undefined disposed:false
235 silly fetch manifest http-cache-semantics@^4.1.0
236 silly packumentCache full:https://registry.npmjs.org/http-cache-semantics cache-miss
237 http fetch GET 200 https://registry.npmjs.org/minipass-flush 118ms (cache miss)
238 silly packumentCache full:https://registry.npmjs.org/minipass-flush set size:undefined disposed:false
239 silly fetch manifest abbrev@1
240 silly packumentCache full:https://registry.npmjs.org/abbrev cache-miss
241 http fetch GET 200 https://registry.npmjs.org/http-proxy-agent 116ms (cache miss)
242 silly packumentCache full:https://registry.npmjs.org/http-proxy-agent set size:undefined disposed:false
243 silly fetch manifest gauge@^4.0.3
244 silly packumentCache full:https://registry.npmjs.org/gauge cache-miss
245 http fetch GET 200 https://registry.npmjs.org/minipass-fetch 133ms (cache miss)
246 silly packumentCache full:https://registry.npmjs.org/minipass-fetch set size:undefined disposed:false
247 silly fetch manifest set-blocking@^2.0.0
248 silly packumentCache full:https://registry.npmjs.org/set-blocking cache-miss
249 http fetch GET 200 https://registry.npmjs.org/https-proxy-agent 35ms (cache miss)
250 silly packumentCache full:https://registry.npmjs.org/https-proxy-agent set size:undefined disposed:false
251 silly fetch manifest are-we-there-yet@^3.0.0
252 silly packumentCache full:https://registry.npmjs.org/are-we-there-yet cache-miss
253 http fetch GET 200 https://registry.npmjs.org/minipass-pipeline 43ms (cache miss)
254 silly packumentCache full:https://registry.npmjs.org/minipass-pipeline set size:undefined disposed:false
255 silly fetch manifest console-control-strings@^1.1.0
256 silly packumentCache full:https://registry.npmjs.org/console-control-strings cache-miss
257 http fetch GET 200 https://registry.npmjs.org/socks-proxy-agent 38ms (cache miss)
258 silly packumentCache full:https://registry.npmjs.org/socks-proxy-agent set size:undefined disposed:false
259 silly fetch manifest isexe@^2.0.0
260 silly packumentCache full:https://registry.npmjs.org/isexe cache-miss
261 http fetch GET 200 https://registry.npmjs.org/abbrev 39ms (cache miss)
262 silly packumentCache full:https://registry.npmjs.org/abbrev set size:undefined disposed:false
263 http fetch GET 200 https://registry.npmjs.org/set-blocking 35ms (cache miss)
264 silly packumentCache full:https://registry.npmjs.org/set-blocking set size:undefined disposed:false
265 http fetch GET 200 https://registry.npmjs.org/http-cache-semantics 42ms (cache miss)
266 silly packumentCache full:https://registry.npmjs.org/http-cache-semantics set size:undefined disposed:false
267 http fetch GET 200 https://registry.npmjs.org/gauge 42ms (cache miss)
268 silly packumentCache full:https://registry.npmjs.org/gauge set size:undefined disposed:false
269 http fetch GET 200 https://registry.npmjs.org/are-we-there-yet 34ms (cache miss)
270 silly packumentCache full:https://registry.npmjs.org/are-we-there-yet set size:undefined disposed:false
271 http fetch GET 200 https://registry.npmjs.org/console-control-strings 32ms (cache miss)
272 silly packumentCache full:https://registry.npmjs.org/console-control-strings set size:undefined disposed:false
273 http fetch GET 200 https://registry.npmjs.org/isexe 36ms (cache miss)
274 silly packumentCache full:https://registry.npmjs.org/isexe set size:undefined disposed:false
275 silly placeDep ROOT fs.realpath@1.0.0 OK for: glob@7.2.3 want: ^1.0.0
276 silly placeDep ROOT inflight@1.0.6 OK for: glob@7.2.3 want: ^1.0.4
277 silly placeDep ROOT minimatch@3.1.2 OK for: glob@7.2.3 want: ^3.1.1
278 silly placeDep ROOT path-is-absolute@1.0.1 OK for: glob@7.2.3 want: ^1.0.0
279 silly fetch manifest brace-expansion@^1.1.7
280 silly packumentCache full:https://registry.npmjs.org/brace-expansion cache-miss
281 http fetch GET 200 https://registry.npmjs.org/brace-expansion 35ms (cache miss)
282 silly packumentCache full:https://registry.npmjs.org/brace-expansion set size:undefined disposed:false
283 silly placeDep ROOT agentkeepalive@4.6.0 OK for: make-fetch-happen@9.1.0 want: ^4.1.3
284 silly placeDep ROOT cacache@15.3.0 OK for: make-fetch-happen@9.1.0 want: ^15.2.0
285 silly placeDep ROOT http-cache-semantics@4.2.0 OK for: make-fetch-happen@9.1.0 want: ^4.1.0
286 silly placeDep ROOT http-proxy-agent@4.0.1 OK for: make-fetch-happen@9.1.0 want: ^4.0.1
287 silly placeDep ROOT https-proxy-agent@5.0.1 OK for: make-fetch-happen@9.1.0 want: ^5.0.0
288 silly placeDep ROOT is-lambda@1.0.1 OK for: make-fetch-happen@9.1.0 want: ^1.0.1
289 silly placeDep ROOT lru-cache@6.0.0 OK for: make-fetch-happen@9.1.0 want: ^6.0.0
290 silly placeDep ROOT minipass@3.3.6 OK for: make-fetch-happen@9.1.0 want: ^3.1.3
291 silly placeDep ROOT minipass-collect@1.0.2 OK for: make-fetch-happen@9.1.0 want: ^1.0.2
292 silly placeDep ROOT minipass-fetch@1.4.1 OK for: make-fetch-happen@9.1.0 want: ^1.3.2
293 silly placeDep ROOT minipass-flush@1.0.5 OK for: make-fetch-happen@9.1.0 want: ^1.0.5
294 silly placeDep ROOT minipass-pipeline@1.2.4 OK for: make-fetch-happen@9.1.0 want: ^1.2.4
295 silly placeDep ROOT promise-retry@2.0.1 OK for: make-fetch-happen@9.1.0 want: ^2.0.1
296 silly placeDep ROOT socks-proxy-agent@6.2.1 OK for: make-fetch-happen@9.1.0 want: ^6.0.0
297 silly placeDep ROOT ssri@8.0.1 OK for: make-fetch-happen@9.1.0 want: ^8.0.0
298 silly fetch manifest humanize-ms@^1.2.1
299 silly packumentCache full:https://registry.npmjs.org/humanize-ms cache-miss
300 silly fetch manifest ssri@^8.0.1
301 silly packumentCache full:https://registry.npmjs.org/ssri cache-miss
302 silly fetch manifest p-map@^4.0.0
303 silly packumentCache full:https://registry.npmjs.org/p-map cache-miss
304 silly fetch manifest minipass@^3.1.1
305 silly packumentCache full:https://registry.npmjs.org/minipass cache-hit
306 silly fetch manifest @npmcli/fs@^1.0.0
307 silly packumentCache full:https://registry.npmjs.org/@npmcli%2ffs cache-miss
308 silly fetch manifest infer-owner@^1.0.4
309 silly packumentCache full:https://registry.npmjs.org/infer-owner cache-miss
310 silly fetch manifest unique-filename@^1.1.1
311 silly packumentCache full:https://registry.npmjs.org/unique-filename cache-miss
312 silly fetch manifest promise-inflight@^1.0.1
313 silly packumentCache full:https://registry.npmjs.org/promise-inflight cache-miss
314 http fetch GET 200 https://registry.npmjs.org/ssri 11ms (cache hit)
315 silly packumentCache full:https://registry.npmjs.org/ssri set size:130405 disposed:false
316 silly fetch manifest @npmcli/move-file@^1.0.1
317 silly packumentCache full:https://registry.npmjs.org/@npmcli%2fmove-file cache-miss
318 http fetch GET 200 https://registry.npmjs.org/p-map 44ms (cache miss)
319 silly packumentCache full:https://registry.npmjs.org/p-map set size:undefined disposed:false
320 silly fetch manifest minipass-pipeline@^1.2.2
321 silly packumentCache full:https://registry.npmjs.org/minipass-pipeline cache-miss
322 http fetch GET 200 https://registry.npmjs.org/infer-owner 46ms (cache miss)
323 silly packumentCache full:https://registry.npmjs.org/infer-owner set size:undefined disposed:false
324 silly fetch manifest @tootallnate/once@1
325 silly packumentCache full:https://registry.npmjs.org/@tootallnate%2fonce cache-miss
326 http fetch GET 200 https://registry.npmjs.org/humanize-ms 51ms (cache miss)
327 silly packumentCache full:https://registry.npmjs.org/humanize-ms set size:undefined disposed:false
328 silly fetch manifest agent-base@6
329 silly packumentCache full:https://registry.npmjs.org/agent-base cache-miss
330 http fetch GET 200 https://registry.npmjs.org/unique-filename 50ms (cache miss)
331 silly packumentCache full:https://registry.npmjs.org/unique-filename set size:undefined disposed:false
332 silly fetch manifest debug@4
333 silly packumentCache full:https://registry.npmjs.org/debug cache-miss
334 http fetch GET 200 https://registry.npmjs.org/promise-inflight 50ms (cache miss)
335 silly packumentCache full:https://registry.npmjs.org/promise-inflight set size:undefined disposed:false
336 silly fetch manifest debug@4
337 silly packumentCache full:https://registry.npmjs.org/debug cache-miss
338 http fetch GET 200 https://registry.npmjs.org/minipass-pipeline 12ms (cache hit)
339 silly packumentCache full:https://registry.npmjs.org/minipass-pipeline set size:27941 disposed:false
340 silly fetch manifest agent-base@6
341 silly packumentCache full:https://registry.npmjs.org/agent-base cache-miss
342 http fetch GET 200 https://registry.npmjs.org/agent-base 35ms (cache miss)
343 silly packumentCache full:https://registry.npmjs.org/agent-base set size:undefined disposed:false
344 silly fetch manifest minizlib@^2.0.0
345 silly packumentCache full:https://registry.npmjs.org/minizlib cache-miss
346 http fetch GET 200 https://registry.npmjs.org/agent-base 39ms (cache miss)
347 silly packumentCache full:https://registry.npmjs.org/agent-base set size:undefined disposed:false
348 silly fetch manifest minipass-sized@^1.0.3
349 silly packumentCache full:https://registry.npmjs.org/minipass-sized cache-miss
350 http fetch GET 200 https://registry.npmjs.org/debug 44ms (cache miss)
351 silly packumentCache full:https://registry.npmjs.org/debug set size:undefined disposed:false
352 silly fetch manifest encoding@^0.1.12
353 silly packumentCache full:https://registry.npmjs.org/encoding cache-miss
354 http fetch GET 200 https://registry.npmjs.org/minizlib 15ms (cache hit)
355 silly packumentCache full:https://registry.npmjs.org/minizlib set size:60325 disposed:false
356 silly fetch manifest err-code@^2.0.2
357 silly packumentCache full:https://registry.npmjs.org/err-code cache-miss
358 http fetch GET 200 https://registry.npmjs.org/debug 55ms (cache miss)
359 silly packumentCache full:https://registry.npmjs.org/debug set size:undefined disposed:false
360 silly fetch manifest retry@^0.12.0
361 silly packumentCache full:https://registry.npmjs.org/retry cache-miss
362 http fetch GET 200 https://registry.npmjs.org/@tootallnate%2fonce 70ms (cache miss)
363 silly packumentCache full:https://registry.npmjs.org/@tootallnate%2fonce set size:undefined disposed:false
364 silly fetch manifest debug@^4.3.3
365 silly packumentCache full:https://registry.npmjs.org/debug cache-miss
366 http fetch GET 200 https://registry.npmjs.org/@npmcli%2ffs 121ms (cache miss)
367 silly packumentCache full:https://registry.npmjs.org/@npmcli%2ffs set size:undefined disposed:false
368 silly fetch manifest socks@^2.6.2
369 silly packumentCache full:https://registry.npmjs.org/socks cache-miss
370 http fetch GET 200 https://registry.npmjs.org/@npmcli%2fmove-file 118ms (cache miss)
371 silly packumentCache full:https://registry.npmjs.org/@npmcli%2fmove-file set size:undefined disposed:false
372 silly fetch manifest agent-base@^6.0.2
373 silly packumentCache full:https://registry.npmjs.org/agent-base cache-miss
374 http fetch GET 200 https://registry.npmjs.org/debug 12ms (cache hit)
375 silly packumentCache full:https://registry.npmjs.org/debug set size:193521 disposed:false
376 http fetch GET 200 https://registry.npmjs.org/minipass-sized 39ms (cache miss)
377 silly packumentCache full:https://registry.npmjs.org/minipass-sized set size:undefined disposed:false
378 http fetch GET 200 https://registry.npmjs.org/encoding 37ms (cache miss)
379 silly packumentCache full:https://registry.npmjs.org/encoding set size:undefined disposed:false
380 http fetch GET 200 https://registry.npmjs.org/agent-base 9ms (cache hit)
381 silly packumentCache full:https://registry.npmjs.org/agent-base set size:65276 disposed:false
382 http fetch GET 200 https://registry.npmjs.org/err-code 38ms (cache miss)
383 silly packumentCache full:https://registry.npmjs.org/err-code set size:undefined disposed:false
384 http fetch GET 200 https://registry.npmjs.org/retry 37ms (cache miss)
385 silly packumentCache full:https://registry.npmjs.org/retry set size:undefined disposed:false
386 http fetch GET 200 https://registry.npmjs.org/socks 54ms (cache miss)
387 silly packumentCache full:https://registry.npmjs.org/socks set size:undefined disposed:false
388 silly placeDep ROOT humanize-ms@1.2.1 OK for: agentkeepalive@4.6.0 want: ^1.2.1
389 silly placeDep ROOT @npmcli/fs@1.1.1 OK for: cacache@15.3.0 want: ^1.0.0
390 silly placeDep ROOT @npmcli/move-file@1.1.2 OK for: cacache@15.3.0 want: ^1.0.1
391 silly placeDep ROOT chownr@2.0.0 OK for: cacache@15.3.0 want: ^2.0.0
392 silly placeDep ROOT fs-minipass@2.1.0 OK for: cacache@15.3.0 want: ^2.0.0
393 silly placeDep ROOT infer-owner@1.0.4 OK for: cacache@15.3.0 want: ^1.0.4
394 silly placeDep ROOT mkdirp@1.0.4 OK for: cacache@15.3.0 want: ^1.0.3
395 silly placeDep ROOT p-map@4.0.0 OK for: cacache@15.3.0 want: ^4.0.0
396 silly placeDep ROOT promise-inflight@1.0.1 OK for: cacache@15.3.0 want: ^1.0.1
397 silly placeDep ROOT unique-filename@1.1.1 OK for: cacache@15.3.0 want: ^1.1.1
398 silly fetch manifest @gar/promisify@^1.0.1
399 silly packumentCache full:https://registry.npmjs.org/@gar%2fpromisify cache-miss
400 silly fetch manifest mkdirp@^1.0.4
401 silly packumentCache full:https://registry.npmjs.org/mkdirp cache-miss
402 silly fetch manifest aggregate-error@^3.0.0
403 silly packumentCache full:https://registry.npmjs.org/aggregate-error cache-miss
404 silly fetch manifest unique-slug@^2.0.0
405 silly packumentCache full:https://registry.npmjs.org/unique-slug cache-miss
406 http fetch GET 200 https://registry.npmjs.org/mkdirp 6ms (cache hit)
407 silly packumentCache full:https://registry.npmjs.org/mkdirp set size:116455 disposed:false
408 http fetch GET 200 https://registry.npmjs.org/aggregate-error 38ms (cache miss)
409 silly packumentCache full:https://registry.npmjs.org/aggregate-error set size:undefined disposed:false
410 http fetch GET 200 https://registry.npmjs.org/unique-slug 40ms (cache miss)
411 silly packumentCache full:https://registry.npmjs.org/unique-slug set size:undefined disposed:false
412 http fetch GET 200 https://registry.npmjs.org/@gar%2fpromisify 49ms (cache miss)
413 silly packumentCache full:https://registry.npmjs.org/@gar%2fpromisify set size:undefined disposed:false
414 silly placeDep ROOT @gar/promisify@1.1.3 OK for: @npmcli/fs@1.1.1 want: ^1.0.1
415 silly placeDep ROOT @tootallnate/once@1.1.2 OK for: http-proxy-agent@4.0.1 want: 1
416 silly placeDep ROOT agent-base@6.0.2 OK for: http-proxy-agent@4.0.1 want: 6
417 silly placeDep node_modules/http-proxy-agent debug@4.4.1 OK for: http-proxy-agent@4.0.1 want: 4
418 silly fetch manifest ms@^2.1.3
419 silly packumentCache full:https://registry.npmjs.org/ms cache-miss
420 http fetch GET 200 https://registry.npmjs.org/ms 34ms (cache miss)
421 silly packumentCache full:https://registry.npmjs.org/ms set size:undefined disposed:false
422 silly placeDep node_modules/agent-base debug@4.4.1 OK for: agent-base@6.0.2 want: 4
423 silly placeDep node_modules/https-proxy-agent debug@4.4.1 OK for: https-proxy-agent@5.0.1 want: 4
424 silly placeDep ROOT yallist@4.0.0 OK for: lru-cache@6.0.0 want: ^4.0.0
425 silly placeDep ROOT brace-expansion@1.1.12 OK for: minimatch@3.1.2 want: ^1.1.7
426 silly fetch manifest balanced-match@^1.0.0
427 silly packumentCache full:https://registry.npmjs.org/balanced-match cache-miss
428 silly fetch manifest concat-map@0.0.1
429 silly packumentCache full:https://registry.npmjs.org/concat-map cache-miss
430 http fetch GET 200 https://registry.npmjs.org/concat-map 116ms (cache miss)
431 silly packumentCache full:https://registry.npmjs.org/concat-map set size:undefined disposed:false
432 http fetch GET 200 https://registry.npmjs.org/balanced-match 122ms (cache miss)
433 silly packumentCache full:https://registry.npmjs.org/balanced-match set size:undefined disposed:false
434 silly placeDep ROOT balanced-match@1.0.2 OK for: brace-expansion@1.1.12 want: ^1.0.0
435 silly placeDep ROOT concat-map@0.0.1 OK for: brace-expansion@1.1.12 want: 0.0.1
436 silly placeDep ROOT encoding@0.1.13 OK for: minipass-fetch@1.4.1 want: ^0.1.12
437 silly placeDep ROOT minipass-sized@1.0.3 OK for: minipass-fetch@1.4.1 want: ^1.0.3
438 silly placeDep ROOT minizlib@2.1.2 OK for: minipass-fetch@1.4.1 want: ^2.0.0
439 silly fetch manifest iconv-lite@^0.6.2
440 silly packumentCache full:https://registry.npmjs.org/iconv-lite cache-miss
441 http fetch GET 200 https://registry.npmjs.org/iconv-lite 36ms (cache miss)
442 silly packumentCache full:https://registry.npmjs.org/iconv-lite set size:undefined disposed:false
443 silly placeDep ROOT iconv-lite@0.6.3 OK for: encoding@0.1.13 want: ^0.6.2
444 silly fetch manifest safer-buffer@>= 2.1.2 < 3.0.0
445 silly packumentCache full:https://registry.npmjs.org/safer-buffer cache-miss
446 http fetch GET 200 https://registry.npmjs.org/safer-buffer 32ms (cache miss)
447 silly packumentCache full:https://registry.npmjs.org/safer-buffer set size:undefined disposed:false
448 silly placeDep ROOT safer-buffer@2.1.2 OK for: iconv-lite@0.6.3 want: >= 2.1.2 < 3.0.0
449 silly placeDep ROOT abbrev@1.1.1 OK for: nopt@5.0.0 want: 1
450 silly placeDep ROOT are-we-there-yet@3.0.1 OK for: npmlog@6.0.2 want: ^3.0.0
451 silly placeDep ROOT console-control-strings@1.1.0 OK for: npmlog@6.0.2 want: ^1.1.0
452 silly placeDep ROOT gauge@4.0.4 OK for: npmlog@6.0.2 want: ^4.0.3
453 silly placeDep ROOT set-blocking@2.0.0 OK for: npmlog@6.0.2 want: ^2.0.0
454 silly fetch manifest delegates@^1.0.0
455 silly packumentCache full:https://registry.npmjs.org/delegates cache-miss
456 silly fetch manifest readable-stream@^3.6.0
457 silly packumentCache full:https://registry.npmjs.org/readable-stream cache-miss
458 silly fetch manifest aproba@^1.0.3 || ^2.0.0
459 silly packumentCache full:https://registry.npmjs.org/aproba cache-miss
460 silly fetch manifest strip-ansi@^6.0.1
461 silly packumentCache full:https://registry.npmjs.org/strip-ansi cache-miss
462 silly fetch manifest wide-align@^1.1.5
463 silly packumentCache full:https://registry.npmjs.org/wide-align cache-miss
464 silly fetch manifest has-unicode@^2.0.1
465 silly packumentCache full:https://registry.npmjs.org/has-unicode cache-miss
466 silly fetch manifest signal-exit@^3.0.7
467 silly packumentCache full:https://registry.npmjs.org/signal-exit cache-miss
468 http fetch GET 200 https://registry.npmjs.org/has-unicode 38ms (cache miss)
469 silly packumentCache full:https://registry.npmjs.org/has-unicode set size:undefined disposed:false
470 silly fetch manifest string-width@^4.2.3
471 silly packumentCache full:https://registry.npmjs.org/string-width cache-miss
472 http fetch GET 200 https://registry.npmjs.org/wide-align 41ms (cache miss)
473 silly packumentCache full:https://registry.npmjs.org/wide-align set size:undefined disposed:false
474 silly fetch manifest color-support@^1.1.3
475 silly packumentCache full:https://registry.npmjs.org/color-support cache-miss
476 http fetch GET 200 https://registry.npmjs.org/strip-ansi 48ms (cache miss)
477 silly packumentCache full:https://registry.npmjs.org/strip-ansi set size:undefined disposed:false
478 http fetch GET 200 https://registry.npmjs.org/signal-exit 48ms (cache miss)
479 silly packumentCache full:https://registry.npmjs.org/signal-exit set size:undefined disposed:false
480 http fetch GET 200 https://registry.npmjs.org/aproba 54ms (cache miss)
481 silly packumentCache full:https://registry.npmjs.org/aproba set size:undefined disposed:false
482 http fetch GET 200 https://registry.npmjs.org/readable-stream 58ms (cache miss)
483 silly packumentCache full:https://registry.npmjs.org/readable-stream set size:undefined disposed:false
484 http fetch GET 200 https://registry.npmjs.org/delegates 69ms (cache miss)
485 silly packumentCache full:https://registry.npmjs.org/delegates set size:undefined disposed:false
486 http fetch GET 200 https://registry.npmjs.org/color-support 31ms (cache miss)
487 silly packumentCache full:https://registry.npmjs.org/color-support set size:undefined disposed:false
488 http fetch GET 200 https://registry.npmjs.org/string-width 36ms (cache miss)
489 silly packumentCache full:https://registry.npmjs.org/string-width set size:undefined disposed:false
490 silly placeDep ROOT delegates@1.0.0 OK for: are-we-there-yet@3.0.1 want: ^1.0.0
491 silly placeDep node_modules/are-we-there-yet readable-stream@3.6.2 OK for: are-we-there-yet@3.0.1 want: ^3.6.0
492 silly placeDep ROOT aproba@2.0.0 OK for: gauge@4.0.4 want: ^1.0.3 || ^2.0.0
493 silly placeDep ROOT color-support@1.1.3 OK for: gauge@4.0.4 want: ^1.1.3
494 silly placeDep ROOT has-unicode@2.0.1 OK for: gauge@4.0.4 want: ^2.0.1
495 silly placeDep ROOT signal-exit@3.0.7 OK for: gauge@4.0.4 want: ^3.0.7
496 silly placeDep ROOT string-width@4.2.3 OK for: gauge@4.0.4 want: ^4.2.3
497 silly placeDep ROOT strip-ansi@6.0.1 OK for: gauge@4.0.4 want: ^6.0.1
498 silly placeDep ROOT wide-align@1.1.5 OK for: gauge@4.0.4 want: ^1.1.5
499 silly fetch manifest emoji-regex@^8.0.0
500 silly packumentCache full:https://registry.npmjs.org/emoji-regex cache-miss
501 silly fetch manifest is-fullwidth-code-point@^3.0.0
502 silly packumentCache full:https://registry.npmjs.org/is-fullwidth-code-point cache-miss
503 silly fetch manifest ansi-regex@^5.0.1
504 silly packumentCache full:https://registry.npmjs.org/ansi-regex cache-miss
505 http fetch GET 200 https://registry.npmjs.org/is-fullwidth-code-point 36ms (cache miss)
506 silly packumentCache full:https://registry.npmjs.org/is-fullwidth-code-point set size:undefined disposed:false
507 http fetch GET 200 https://registry.npmjs.org/emoji-regex 37ms (cache miss)
508 silly packumentCache full:https://registry.npmjs.org/emoji-regex set size:undefined disposed:false
509 http fetch GET 200 https://registry.npmjs.org/ansi-regex 55ms (cache miss)
510 silly packumentCache full:https://registry.npmjs.org/ansi-regex set size:undefined disposed:false
511 silly placeDep ROOT aggregate-error@3.1.0 OK for: p-map@4.0.0 want: ^3.0.0
512 silly fetch manifest clean-stack@^2.0.0
513 silly packumentCache full:https://registry.npmjs.org/clean-stack cache-miss
514 silly fetch manifest indent-string@^4.0.0
515 silly packumentCache full:https://registry.npmjs.org/indent-string cache-miss
516 http fetch GET 200 https://registry.npmjs.org/clean-stack 32ms (cache miss)
517 silly packumentCache full:https://registry.npmjs.org/clean-stack set size:undefined disposed:false
518 http fetch GET 200 https://registry.npmjs.org/indent-string 37ms (cache miss)
519 silly packumentCache full:https://registry.npmjs.org/indent-string set size:undefined disposed:false
520 silly placeDep ROOT clean-stack@2.2.0 OK for: aggregate-error@3.1.0 want: ^2.0.0
521 silly placeDep ROOT indent-string@4.0.0 OK for: aggregate-error@3.1.0 want: ^4.0.0
522 silly placeDep ROOT detect-libc@2.0.4 OK for: prebuild-install@7.1.3 want: ^2.0.0
523 silly placeDep ROOT expand-template@2.0.3 OK for: prebuild-install@7.1.3 want: ^2.0.3
524 silly placeDep ROOT github-from-package@0.0.0 OK for: prebuild-install@7.1.3 want: 0.0.0
525 silly placeDep ROOT minimist@1.2.8 OK for: prebuild-install@7.1.3 want: ^1.2.3
526 silly placeDep ROOT mkdirp-classic@0.5.3 OK for: prebuild-install@7.1.3 want: ^0.5.3
527 silly placeDep ROOT napi-build-utils@2.0.0 OK for: prebuild-install@7.1.3 want: ^2.0.0
528 silly placeDep ROOT node-abi@3.75.0 OK for: prebuild-install@7.1.3 want: ^3.3.0
529 silly placeDep ROOT pump@3.0.3 OK for: prebuild-install@7.1.3 want: ^3.0.0
530 silly placeDep ROOT rc@1.2.8 OK for: prebuild-install@7.1.3 want: ^1.2.7
531 silly placeDep ROOT simple-get@4.0.1 OK for: prebuild-install@7.1.3 want: ^4.0.0
532 silly placeDep ROOT tar-fs@2.1.3 OK for: prebuild-install@7.1.3 want: ^2.0.0
533 silly placeDep ROOT tunnel-agent@0.6.0 OK for: prebuild-install@7.1.3 want: ^0.6.0
534 silly fetch manifest ini@~1.3.0
535 silly packumentCache full:https://registry.npmjs.org/ini cache-miss
536 silly fetch manifest deep-extend@^0.6.0
537 silly packumentCache full:https://registry.npmjs.org/deep-extend cache-miss
538 silly fetch manifest strip-json-comments@~2.0.1
539 silly packumentCache full:https://registry.npmjs.org/strip-json-comments cache-miss
540 silly fetch manifest decompress-response@^6.0.0
541 silly packumentCache full:https://registry.npmjs.org/decompress-response cache-miss
542 silly fetch manifest simple-concat@^1.0.0
543 silly packumentCache full:https://registry.npmjs.org/simple-concat cache-miss
544 silly fetch manifest chownr@^1.1.1
545 silly packumentCache full:https://registry.npmjs.org/chownr cache-miss
546 silly fetch manifest tar-stream@^2.1.4
547 silly packumentCache full:https://registry.npmjs.org/tar-stream cache-miss
548 http fetch GET 200 https://registry.npmjs.org/chownr 8ms (cache hit)
549 silly packumentCache full:https://registry.npmjs.org/chownr set size:22157 disposed:false
550 http fetch GET 200 https://registry.npmjs.org/strip-json-comments 45ms (cache miss)
551 silly packumentCache full:https://registry.npmjs.org/strip-json-comments set size:undefined disposed:false
552 http fetch GET 200 https://registry.npmjs.org/simple-concat 47ms (cache miss)
553 silly packumentCache full:https://registry.npmjs.org/simple-concat set size:undefined disposed:false
554 http fetch GET 200 https://registry.npmjs.org/decompress-response 47ms (cache miss)
555 silly packumentCache full:https://registry.npmjs.org/decompress-response set size:undefined disposed:false
556 http fetch GET 200 https://registry.npmjs.org/ini 50ms (cache miss)
557 silly packumentCache full:https://registry.npmjs.org/ini set size:undefined disposed:false
558 http fetch GET 200 https://registry.npmjs.org/tar-stream 50ms (cache miss)
559 silly packumentCache full:https://registry.npmjs.org/tar-stream set size:undefined disposed:false
560 http fetch GET 200 https://registry.npmjs.org/deep-extend 53ms (cache miss)
561 silly packumentCache full:https://registry.npmjs.org/deep-extend set size:undefined disposed:false
562 silly placeDep ROOT err-code@2.0.3 OK for: promise-retry@2.0.1 want: ^2.0.2
563 silly placeDep ROOT retry@0.12.0 OK for: promise-retry@2.0.1 want: ^0.12.0
564 silly placeDep ROOT deep-extend@0.6.0 OK for: rc@1.2.8 want: ^0.6.0
565 silly placeDep ROOT ini@1.3.8 OK for: rc@1.2.8 want: ~1.3.0
566 silly placeDep ROOT strip-json-comments@2.0.1 OK for: rc@1.2.8 want: ~2.0.1
567 silly placeDep ROOT decompress-response@6.0.0 OK for: simple-get@4.0.1 want: ^6.0.0
568 silly placeDep ROOT simple-concat@1.0.1 OK for: simple-get@4.0.1 want: ^1.0.0
569 silly fetch manifest mimic-response@^3.1.0
570 silly packumentCache full:https://registry.npmjs.org/mimic-response cache-miss
571 http fetch GET 200 https://registry.npmjs.org/mimic-response 60ms (cache miss)
572 silly packumentCache full:https://registry.npmjs.org/mimic-response set size:undefined disposed:false
573 silly placeDep ROOT mimic-response@3.1.0 OK for: decompress-response@6.0.0 want: ^3.1.0
574 silly placeDep node_modules/socks-proxy-agent debug@4.4.1 OK for: socks-proxy-agent@6.2.1 want: ^4.3.3
575 silly placeDep ROOT socks@2.8.5 OK for: socks-proxy-agent@6.2.1 want: ^2.6.2
576 silly fetch manifest ip-address@^9.0.5
577 silly packumentCache full:https://registry.npmjs.org/ip-address cache-miss
578 silly fetch manifest smart-buffer@^4.2.0
579 silly packumentCache full:https://registry.npmjs.org/smart-buffer cache-miss
580 http fetch GET 200 https://registry.npmjs.org/smart-buffer 124ms (cache miss)
581 silly packumentCache full:https://registry.npmjs.org/smart-buffer set size:undefined disposed:false
582 http fetch GET 200 https://registry.npmjs.org/ip-address 126ms (cache miss)
583 silly packumentCache full:https://registry.npmjs.org/ip-address set size:undefined disposed:false
584 silly placeDep ROOT ip-address@9.0.5 OK for: socks@2.8.5 want: ^9.0.5
585 silly placeDep ROOT smart-buffer@4.2.0 OK for: socks@2.8.5 want: ^4.2.0
586 silly fetch manifest jsbn@1.1.0
587 silly packumentCache full:https://registry.npmjs.org/jsbn cache-miss
588 silly fetch manifest sprintf-js@^1.1.3
589 silly packumentCache full:https://registry.npmjs.org/sprintf-js cache-miss
590 http fetch GET 200 https://registry.npmjs.org/jsbn 34ms (cache miss)
591 silly packumentCache full:https://registry.npmjs.org/jsbn set size:undefined disposed:false
592 http fetch GET 200 https://registry.npmjs.org/sprintf-js 59ms (cache miss)
593 silly packumentCache full:https://registry.npmjs.org/sprintf-js set size:undefined disposed:false
594 silly placeDep ROOT jsbn@1.1.0 OK for: ip-address@9.0.5 want: 1.1.0
595 silly placeDep ROOT sprintf-js@1.1.3 OK for: ip-address@9.0.5 want: ^1.1.3
596 silly placeDep ROOT emoji-regex@8.0.0 OK for: string-width@4.2.3 want: ^8.0.0
597 silly placeDep ROOT is-fullwidth-code-point@3.0.0 OK for: string-width@4.2.3 want: ^3.0.0
598 silly placeDep ROOT ansi-regex@5.0.1 OK for: strip-ansi@6.0.1 want: ^5.0.1
599 silly placeDep node_modules/tar minipass@5.0.0 OK for: tar@6.2.1 want: ^5.0.0
600 silly placeDep node_modules/tar-fs chownr@1.1.4 OK for: tar-fs@2.1.3 want: ^1.1.1
601 silly placeDep ROOT tar-stream@2.2.0 OK for: tar-fs@2.1.3 want: ^2.1.4
602 silly fetch manifest bl@^4.0.3
603 silly packumentCache full:https://registry.npmjs.org/bl cache-miss
604 silly fetch manifest fs-constants@^1.0.0
605 silly packumentCache full:https://registry.npmjs.org/fs-constants cache-miss
606 silly fetch manifest readable-stream@^3.1.1
607 silly packumentCache full:https://registry.npmjs.org/readable-stream cache-miss
608 http fetch GET 200 https://registry.npmjs.org/readable-stream 6ms (cache hit)
609 silly packumentCache full:https://registry.npmjs.org/readable-stream set size:261096 disposed:false
610 http fetch GET 200 https://registry.npmjs.org/fs-constants 35ms (cache miss)
611 silly packumentCache full:https://registry.npmjs.org/fs-constants set size:undefined disposed:false
612 http fetch GET 200 https://registry.npmjs.org/bl 40ms (cache miss)
613 silly packumentCache full:https://registry.npmjs.org/bl set size:undefined disposed:false
614 silly placeDep node_modules/tar-stream bl@4.1.0 OK for: tar-stream@2.2.0 want: ^4.0.3
615 silly placeDep ROOT fs-constants@1.0.0 OK for: tar-stream@2.2.0 want: ^1.0.0
616 silly placeDep node_modules/tar-stream readable-stream@3.6.2 OK for: tar-stream@2.2.0 want: ^3.1.1
617 silly fetch manifest readable-stream@^3.4.0
618 silly packumentCache full:https://registry.npmjs.org/readable-stream cache-hit
619 silly placeDep ROOT unique-slug@2.0.2 OK for: unique-filename@1.1.1 want: ^2.0.0
620 silly fetch manifest imurmurhash@^0.1.4
621 silly packumentCache full:https://registry.npmjs.org/imurmurhash cache-miss
622 http fetch GET 200 https://registry.npmjs.org/imurmurhash 37ms (cache miss)
623 silly packumentCache full:https://registry.npmjs.org/imurmurhash set size:undefined disposed:false
624 silly placeDep ROOT imurmurhash@0.1.4 OK for: unique-slug@2.0.2 want: ^0.1.4
625 silly placeDep ROOT isexe@2.0.0 OK for: which@2.0.2 want: ^2.0.0
626 silly placeDep node_modules/agent-base ms@2.1.3 OK for: debug@4.4.1 want: ^2.1.3
627 silly placeDep node_modules/http-proxy-agent ms@2.1.3 OK for: debug@4.4.1 want: ^2.1.3
628 silly placeDep node_modules/https-proxy-agent ms@2.1.3 OK for: debug@4.4.1 want: ^2.1.3
629 silly placeDep node_modules/socks-proxy-agent ms@2.1.3 OK for: debug@4.4.1 want: ^2.1.3
630 silly reify moves {}
631 silly tarball no local data for unique-slug@https://registry.npmjs.org/unique-slug/-/unique-slug-2.0.2.tgz. Extracting by manifest.
632 silly tarball no local data for ansi-regex@https://registry.npmjs.org/ansi-regex/-/ansi-regex-5.0.1.tgz. Extracting by manifest.
633 silly tarball no local data for imurmurhash@https://registry.npmjs.org/imurmurhash/-/imurmurhash-0.1.4.tgz. Extracting by manifest.
634 silly tarball no local data for emoji-regex@https://registry.npmjs.org/emoji-regex/-/emoji-regex-8.0.0.tgz. Extracting by manifest.
635 silly tarball no local data for sprintf-js@https://registry.npmjs.org/sprintf-js/-/sprintf-js-1.1.3.tgz. Extracting by manifest.
636 silly tarball no local data for jsbn@https://registry.npmjs.org/jsbn/-/jsbn-1.1.0.tgz. Extracting by manifest.
637 silly tarball no local data for smart-buffer@https://registry.npmjs.org/smart-buffer/-/smart-buffer-4.2.0.tgz. Extracting by manifest.
638 silly tarball no local data for is-fullwidth-code-point@https://registry.npmjs.org/is-fullwidth-code-point/-/is-fullwidth-code-point-3.0.0.tgz. Extracting by manifest.
639 silly tarball no local data for socks@https://registry.npmjs.org/socks/-/socks-2.8.5.tgz. Extracting by manifest.
640 silly tarball no local data for mimic-response@https://registry.npmjs.org/mimic-response/-/mimic-response-3.1.0.tgz. Extracting by manifest.
641 silly tarball no local data for ini@https://registry.npmjs.org/ini/-/ini-1.3.8.tgz. Extracting by manifest.
642 silly tarball no local data for ip-address@https://registry.npmjs.org/ip-address/-/ip-address-9.0.5.tgz. Extracting by manifest.
643 silly tarball no local data for simple-concat@https://registry.npmjs.org/simple-concat/-/simple-concat-1.0.1.tgz. Extracting by manifest.
644 silly tarball no local data for strip-json-comments@https://registry.npmjs.org/strip-json-comments/-/strip-json-comments-2.0.1.tgz. Extracting by manifest.
645 silly tarball no local data for decompress-response@https://registry.npmjs.org/decompress-response/-/decompress-response-6.0.0.tgz. Extracting by manifest.
646 silly tarball no local data for simple-get@https://registry.npmjs.org/simple-get/-/simple-get-4.0.1.tgz. Extracting by manifest.
647 silly tarball no local data for retry@https://registry.npmjs.org/retry/-/retry-0.12.0.tgz. Extracting by manifest.
648 silly tarball no local data for tar-fs@https://registry.npmjs.org/tar-fs/-/tar-fs-2.1.3.tgz. Extracting by manifest.
649 silly tarball no local data for deep-extend@https://registry.npmjs.org/deep-extend/-/deep-extend-0.6.0.tgz. Extracting by manifest.
650 silly tarball no local data for tunnel-agent@https://registry.npmjs.org/tunnel-agent/-/tunnel-agent-0.6.0.tgz. Extracting by manifest.
651 silly tarball no local data for rc@https://registry.npmjs.org/rc/-/rc-1.2.8.tgz. Extracting by manifest.
652 silly tarball no local data for err-code@https://registry.npmjs.org/err-code/-/err-code-2.0.3.tgz. Extracting by manifest.
653 silly tarball no local data for node-abi@https://registry.npmjs.org/node-abi/-/node-abi-3.75.0.tgz. Extracting by manifest.
654 silly tarball no local data for mkdirp-classic@https://registry.npmjs.org/mkdirp-classic/-/mkdirp-classic-0.5.3.tgz. Extracting by manifest.
655 silly tarball no local data for indent-string@https://registry.npmjs.org/indent-string/-/indent-string-4.0.0.tgz. Extracting by manifest.
656 silly tarball no local data for expand-template@https://registry.npmjs.org/expand-template/-/expand-template-2.0.3.tgz. Extracting by manifest.
657 silly tarball no local data for detect-libc@https://registry.npmjs.org/detect-libc/-/detect-libc-2.0.4.tgz. Extracting by manifest.
658 silly tarball no local data for pump@https://registry.npmjs.org/pump/-/pump-3.0.3.tgz. Extracting by manifest.
659 silly tarball no local data for napi-build-utils@https://registry.npmjs.org/napi-build-utils/-/napi-build-utils-2.0.0.tgz. Extracting by manifest.
660 silly tarball no local data for clean-stack@https://registry.npmjs.org/clean-stack/-/clean-stack-2.2.0.tgz. Extracting by manifest.
661 silly tarball no local data for aggregate-error@https://registry.npmjs.org/aggregate-error/-/aggregate-error-3.1.0.tgz. Extracting by manifest.
662 silly tarball no local data for github-from-package@https://registry.npmjs.org/github-from-package/-/github-from-package-0.0.0.tgz. Extracting by manifest.
663 silly tarball no local data for wide-align@https://registry.npmjs.org/wide-align/-/wide-align-1.1.5.tgz. Extracting by manifest.
664 silly tarball no local data for strip-ansi@https://registry.npmjs.org/strip-ansi/-/strip-ansi-6.0.1.tgz. Extracting by manifest.
665 silly tarball no local data for minimist@https://registry.npmjs.org/minimist/-/minimist-1.2.8.tgz. Extracting by manifest.
666 silly tarball no local data for has-unicode@https://registry.npmjs.org/has-unicode/-/has-unicode-2.0.1.tgz. Extracting by manifest.
667 silly tarball no local data for signal-exit@https://registry.npmjs.org/signal-exit/-/signal-exit-3.0.7.tgz. Extracting by manifest.
668 silly tarball no local data for color-support@https://registry.npmjs.org/color-support/-/color-support-1.1.3.tgz. Extracting by manifest.
669 silly tarball no local data for string-width@https://registry.npmjs.org/string-width/-/string-width-4.2.3.tgz. Extracting by manifest.
670 silly tarball no local data for aproba@https://registry.npmjs.org/aproba/-/aproba-2.0.0.tgz. Extracting by manifest.
671 silly tarball no local data for delegates@https://registry.npmjs.org/delegates/-/delegates-1.0.0.tgz. Extracting by manifest.
672 silly tarball no local data for set-blocking@https://registry.npmjs.org/set-blocking/-/set-blocking-2.0.0.tgz. Extracting by manifest.
673 silly tarball no local data for gauge@https://registry.npmjs.org/gauge/-/gauge-4.0.4.tgz. Extracting by manifest.
674 silly tarball no local data for abbrev@https://registry.npmjs.org/abbrev/-/abbrev-1.1.1.tgz. Extracting by manifest.
675 silly tarball no local data for console-control-strings@https://registry.npmjs.org/console-control-strings/-/console-control-strings-1.1.0.tgz. Extracting by manifest.
676 silly tarball no local data for are-we-there-yet@https://registry.npmjs.org/are-we-there-yet/-/are-we-there-yet-3.0.1.tgz. Extracting by manifest.
677 silly tarball no local data for iconv-lite@https://registry.npmjs.org/iconv-lite/-/iconv-lite-0.6.3.tgz. Extracting by manifest.
678 silly tarball no local data for minipass-sized@https://registry.npmjs.org/minipass-sized/-/minipass-sized-1.0.3.tgz. Extracting by manifest.
679 silly tarball no local data for safer-buffer@https://registry.npmjs.org/safer-buffer/-/safer-buffer-2.1.2.tgz. Extracting by manifest.
680 silly tarball no local data for encoding@https://registry.npmjs.org/encoding/-/encoding-0.1.13.tgz. Extracting by manifest.
681 silly tarball no local data for minizlib@https://registry.npmjs.org/minizlib/-/minizlib-2.1.2.tgz. Extracting by manifest.
682 silly tarball no local data for balanced-match@https://registry.npmjs.org/balanced-match/-/balanced-match-1.0.2.tgz. Extracting by manifest.
683 silly tarball no local data for agent-base@https://registry.npmjs.org/agent-base/-/agent-base-6.0.2.tgz. Extracting by manifest.
684 silly tarball no local data for concat-map@https://registry.npmjs.org/concat-map/-/concat-map-0.0.1.tgz. Extracting by manifest.
685 silly tarball no local data for brace-expansion@https://registry.npmjs.org/brace-expansion/-/brace-expansion-1.1.12.tgz. Extracting by manifest.
686 silly tarball no local data for @gar/promisify@https://registry.npmjs.org/@gar/promisify/-/promisify-1.1.3.tgz. Extracting by manifest.
687 silly tarball no local data for @tootallnate/once@https://registry.npmjs.org/@tootallnate/once/-/once-1.1.2.tgz. Extracting by manifest.
688 silly tarball no local data for yallist@https://registry.npmjs.org/yallist/-/yallist-4.0.0.tgz. Extracting by manifest.
689 silly tarball no local data for isexe@https://registry.npmjs.org/isexe/-/isexe-2.0.0.tgz. Extracting by manifest.
690 silly tarball no local data for mkdirp@https://registry.npmjs.org/mkdirp/-/mkdirp-1.0.4.tgz. Extracting by manifest.
691 silly tarball no local data for infer-owner@https://registry.npmjs.org/infer-owner/-/infer-owner-1.0.4.tgz. Extracting by manifest.
692 silly tarball no local data for chownr@https://registry.npmjs.org/chownr/-/chownr-2.0.0.tgz. Extracting by manifest.
693 silly tarball no local data for unique-filename@https://registry.npmjs.org/unique-filename/-/unique-filename-1.1.1.tgz. Extracting by manifest.
694 silly tarball no local data for fs-minipass@https://registry.npmjs.org/fs-minipass/-/fs-minipass-2.1.0.tgz. Extracting by manifest.
695 silly tarball no local data for fs-constants@https://registry.npmjs.org/fs-constants/-/fs-constants-1.0.0.tgz. Extracting by manifest.
696 silly tarball no local data for socks-proxy-agent@https://registry.npmjs.org/socks-proxy-agent/-/socks-proxy-agent-6.2.1.tgz. Extracting by manifest.
697 silly tarball no local data for @npmcli/move-file@https://registry.npmjs.org/@npmcli/move-file/-/move-file-1.1.2.tgz. Extracting by manifest.
698 silly tarball no local data for @npmcli/fs@https://registry.npmjs.org/@npmcli/fs/-/fs-1.1.1.tgz. Extracting by manifest.
699 silly tarball no local data for minipass-pipeline@https://registry.npmjs.org/minipass-pipeline/-/minipass-pipeline-1.2.4.tgz. Extracting by manifest.
700 silly tarball no local data for p-map@https://registry.npmjs.org/p-map/-/p-map-4.0.0.tgz. Extracting by manifest.
701 silly tarball no local data for humanize-ms@https://registry.npmjs.org/humanize-ms/-/humanize-ms-1.2.1.tgz. Extracting by manifest.
702 silly tarball no local data for minipass-fetch@https://registry.npmjs.org/minipass-fetch/-/minipass-fetch-1.4.1.tgz. Extracting by manifest.
703 silly tarball no local data for minipass-collect@https://registry.npmjs.org/minipass-collect/-/minipass-collect-1.0.2.tgz. Extracting by manifest.
704 silly tarball no local data for minipass-flush@https://registry.npmjs.org/minipass-flush/-/minipass-flush-1.0.5.tgz. Extracting by manifest.
705 silly tarball no local data for tar-stream@https://registry.npmjs.org/tar-stream/-/tar-stream-2.2.0.tgz. Extracting by manifest.
706 silly tarball no local data for http-proxy-agent@https://registry.npmjs.org/http-proxy-agent/-/http-proxy-agent-4.0.1.tgz. Extracting by manifest.
707 silly tarball no local data for https-proxy-agent@https://registry.npmjs.org/https-proxy-agent/-/https-proxy-agent-5.0.1.tgz. Extracting by manifest.
708 silly tarball no local data for minipass@https://registry.npmjs.org/minipass/-/minipass-3.3.6.tgz. Extracting by manifest.
709 silly tarball no local data for http-cache-semantics@https://registry.npmjs.org/http-cache-semantics/-/http-cache-semantics-4.2.0.tgz. Extracting by manifest.
710 silly tarball no local data for is-lambda@https://registry.npmjs.org/is-lambda/-/is-lambda-1.0.1.tgz. Extracting by manifest.
711 silly tarball no local data for lru-cache@https://registry.npmjs.org/lru-cache/-/lru-cache-6.0.0.tgz. Extracting by manifest.
712 silly tarball no local data for agentkeepalive@https://registry.npmjs.org/agentkeepalive/-/agentkeepalive-4.6.0.tgz. Extracting by manifest.
713 silly tarball no local data for minimatch@https://registry.npmjs.org/minimatch/-/minimatch-3.1.2.tgz. Extracting by manifest.
714 silly tarball no local data for fs.realpath@https://registry.npmjs.org/fs.realpath/-/fs.realpath-1.0.0.tgz. Extracting by manifest.
715 silly tarball no local data for which@https://registry.npmjs.org/which/-/which-2.0.2.tgz. Extracting by manifest.
716 silly tarball no local data for path-is-absolute@https://registry.npmjs.org/path-is-absolute/-/path-is-absolute-1.0.1.tgz. Extracting by manifest.
717 silly tarball no local data for cacache@https://registry.npmjs.org/cacache/-/cacache-15.3.0.tgz. Extracting by manifest.
718 silly tarball no local data for inflight@https://registry.npmjs.org/inflight/-/inflight-1.0.6.tgz. Extracting by manifest.
719 silly tarball no local data for semver@https://registry.npmjs.org/semver/-/semver-7.7.2.tgz. Extracting by manifest.
720 silly tarball no local data for npmlog@https://registry.npmjs.org/npmlog/-/npmlog-6.0.2.tgz. Extracting by manifest.
721 silly tarball no local data for rimraf@https://registry.npmjs.org/rimraf/-/rimraf-3.0.2.tgz. Extracting by manifest.
722 silly tarball no local data for make-fetch-happen@https://registry.npmjs.org/make-fetch-happen/-/make-fetch-happen-9.1.0.tgz. Extracting by manifest.
723 silly tarball no local data for nopt@https://registry.npmjs.org/nopt/-/nopt-5.0.0.tgz. Extracting by manifest.
724 silly tarball no local data for graceful-fs@https://registry.npmjs.org/graceful-fs/-/graceful-fs-4.2.11.tgz. Extracting by manifest.
725 silly tarball no local data for glob@https://registry.npmjs.org/glob/-/glob-7.2.3.tgz. Extracting by manifest.
726 silly tarball no local data for env-paths@https://registry.npmjs.org/env-paths/-/env-paths-2.2.1.tgz. Extracting by manifest.
727 silly tarball no local data for file-uri-to-path@https://registry.npmjs.org/file-uri-to-path/-/file-uri-to-path-1.0.0.tgz. Extracting by manifest.
728 silly tarball no local data for promise-inflight@https://registry.npmjs.org/promise-inflight/-/promise-inflight-1.0.1.tgz. Extracting by manifest.
729 silly tarball no local data for tar@https://registry.npmjs.org/tar/-/tar-6.2.1.tgz. Extracting by manifest.
730 silly tarball no local data for node-addon-api@https://registry.npmjs.org/node-addon-api/-/node-addon-api-7.1.1.tgz. Extracting by manifest.
731 silly tarball no local data for node-gyp@https://registry.npmjs.org/node-gyp/-/node-gyp-8.4.1.tgz. Extracting by manifest.
732 silly tarball no local data for bindings@https://registry.npmjs.org/bindings/-/bindings-1.5.0.tgz. Extracting by manifest.
733 silly tarball no local data for node-red-node-sqlite@https://registry.npmjs.org/node-red-node-sqlite/-/node-red-node-sqlite-1.1.0.tgz. Extracting by manifest.
734 silly tarball no local data for sqlite3@https://registry.npmjs.org/sqlite3/-/sqlite3-5.1.7.tgz. Extracting by manifest.
735 silly tarball no local data for promise-retry@https://registry.npmjs.org/promise-retry/-/promise-retry-2.0.1.tgz. Extracting by manifest.
736 silly tarball no local data for chownr@https://registry.npmjs.org/chownr/-/chownr-1.1.4.tgz. Extracting by manifest.
737 silly tarball no local data for ssri@https://registry.npmjs.org/ssri/-/ssri-8.0.1.tgz. Extracting by manifest.
738 silly tarball no local data for prebuild-install@https://registry.npmjs.org/prebuild-install/-/prebuild-install-7.1.3.tgz. Extracting by manifest.
739 silly tarball no local data for minipass@https://registry.npmjs.org/minipass/-/minipass-5.0.0.tgz. Extracting by manifest.
740 http fetch GET 200 https://registry.npmjs.org/emoji-regex/-/emoji-regex-8.0.0.tgz 217ms (cache miss)
741 http fetch GET 200 https://registry.npmjs.org/imurmurhash/-/imurmurhash-0.1.4.tgz 218ms (cache miss)
742 http fetch GET 200 https://registry.npmjs.org/unique-slug/-/unique-slug-2.0.2.tgz 220ms (cache miss)
743 http fetch GET 200 https://registry.npmjs.org/jsbn/-/jsbn-1.1.0.tgz 219ms (cache miss)
744 http fetch GET 200 https://registry.npmjs.org/sprintf-js/-/sprintf-js-1.1.3.tgz 220ms (cache miss)
745 http fetch GET 200 https://registry.npmjs.org/ansi-regex/-/ansi-regex-5.0.1.tgz 221ms (cache miss)
746 http fetch GET 200 https://registry.npmjs.org/smart-buffer/-/smart-buffer-4.2.0.tgz 225ms (cache miss)
747 http fetch GET 200 https://registry.npmjs.org/tar-fs/-/tar-fs-2.1.3.tgz 293ms (cache miss)
748 http fetch GET 200 https://registry.npmjs.org/retry/-/retry-0.12.0.tgz 294ms (cache miss)
749 http fetch GET 200 https://registry.npmjs.org/tunnel-agent/-/tunnel-agent-0.6.0.tgz 306ms (cache miss)
750 http fetch GET 200 https://registry.npmjs.org/deep-extend/-/deep-extend-0.6.0.tgz 307ms (cache miss)
751 http fetch GET 200 https://registry.npmjs.org/err-code/-/err-code-2.0.3.tgz 305ms (cache miss)
752 http fetch GET 200 https://registry.npmjs.org/rc/-/rc-1.2.8.tgz 306ms (cache miss)
753 http fetch GET 200 https://registry.npmjs.org/simple-get/-/simple-get-4.0.1.tgz 345ms (cache miss)
754 http fetch GET 200 https://registry.npmjs.org/node-abi/-/node-abi-3.75.0.tgz 352ms (cache miss)
755 http fetch GET 200 https://registry.npmjs.org/expand-template/-/expand-template-2.0.3.tgz 380ms (cache miss)
756 http fetch GET 200 https://registry.npmjs.org/detect-libc/-/detect-libc-2.0.4.tgz 391ms (cache miss)
757 http fetch GET 200 https://registry.npmjs.org/pump/-/pump-3.0.3.tgz 389ms (cache miss)
758 http fetch GET 200 https://registry.npmjs.org/indent-string/-/indent-string-4.0.0.tgz 405ms (cache miss)
759 http fetch GET 200 https://registry.npmjs.org/napi-build-utils/-/napi-build-utils-2.0.0.tgz 411ms (cache miss)
760 http fetch GET 200 https://registry.npmjs.org/simple-concat/-/simple-concat-1.0.1.tgz 427ms (cache miss)
761 http fetch GET 200 https://registry.npmjs.org/mimic-response/-/mimic-response-3.1.0.tgz 430ms (cache miss)
762 http fetch GET 200 https://registry.npmjs.org/mkdirp-classic/-/mkdirp-classic-0.5.3.tgz 430ms (cache miss)
763 http fetch GET 200 https://registry.npmjs.org/aggregate-error/-/aggregate-error-3.1.0.tgz 422ms (cache miss)
764 http fetch GET 200 https://registry.npmjs.org/is-fullwidth-code-point/-/is-fullwidth-code-point-3.0.0.tgz 457ms (cache miss)
765 http fetch GET 200 https://registry.npmjs.org/wide-align/-/wide-align-1.1.5.tgz 434ms (cache miss)
766 http fetch GET 200 https://registry.npmjs.org/ini/-/ini-1.3.8.tgz 468ms (cache miss)
767 http fetch GET 200 https://registry.npmjs.org/clean-stack/-/clean-stack-2.2.0.tgz 451ms (cache miss)
768 http fetch GET 200 https://registry.npmjs.org/decompress-response/-/decompress-response-6.0.0.tgz 467ms (cache miss)
769 http fetch GET 200 https://registry.npmjs.org/color-support/-/color-support-1.1.3.tgz 446ms (cache miss)
770 http fetch GET 200 https://registry.npmjs.org/strip-ansi/-/strip-ansi-6.0.1.tgz 463ms (cache miss)
771 http fetch GET 200 https://registry.npmjs.org/strip-json-comments/-/strip-json-comments-2.0.1.tgz 493ms (cache miss)
772 http fetch GET 200 https://registry.npmjs.org/has-unicode/-/has-unicode-2.0.1.tgz 480ms (cache miss)
773 http fetch GET 200 https://registry.npmjs.org/github-from-package/-/github-from-package-0.0.0.tgz 482ms (cache miss)
774 http fetch GET 200 https://registry.npmjs.org/aproba/-/aproba-2.0.0.tgz 507ms (cache miss)
775 http fetch GET 200 https://registry.npmjs.org/signal-exit/-/signal-exit-3.0.7.tgz 509ms (cache miss)
776 http fetch GET 200 https://registry.npmjs.org/abbrev/-/abbrev-1.1.1.tgz 517ms (cache miss)
777 http fetch GET 200 https://registry.npmjs.org/set-blocking/-/set-blocking-2.0.0.tgz 521ms (cache miss)
778 http fetch GET 200 https://registry.npmjs.org/delegates/-/delegates-1.0.0.tgz 522ms (cache miss)
779 http fetch GET 200 https://registry.npmjs.org/string-width/-/string-width-4.2.3.tgz 524ms (cache miss)
780 http fetch GET 200 https://registry.npmjs.org/are-we-there-yet/-/are-we-there-yet-3.0.1.tgz 538ms (cache miss)
781 warn deprecated are-we-there-yet@3.0.1: This package is no longer supported.
782 http fetch GET 200 https://registry.npmjs.org/minizlib/-/minizlib-2.1.2.tgz 535ms (cache miss)
783 http fetch GET 200 https://registry.npmjs.org/console-control-strings/-/console-control-strings-1.1.0.tgz 543ms (cache miss)
784 http fetch GET 200 https://registry.npmjs.org/safer-buffer/-/safer-buffer-2.1.2.tgz 539ms (cache miss)
785 http fetch GET 200 https://registry.npmjs.org/minipass-sized/-/minipass-sized-1.0.3.tgz 559ms (cache miss)
786 http fetch GET 200 https://registry.npmjs.org/balanced-match/-/balanced-match-1.0.2.tgz 567ms (cache miss)
787 http fetch GET 200 https://registry.npmjs.org/unique-filename/-/unique-filename-1.1.1.tgz 564ms (cache miss)
788 http fetch GET 200 https://registry.npmjs.org/encoding/-/encoding-0.1.13.tgz 580ms (cache miss)
789 http fetch GET 200 https://registry.npmjs.org/brace-expansion/-/brace-expansion-1.1.12.tgz 580ms (cache miss)
790 http fetch GET 200 https://registry.npmjs.org/@gar/promisify/-/promisify-1.1.3.tgz 580ms (cache miss)
791 http fetch GET 200 https://registry.npmjs.org/chownr/-/chownr-2.0.0.tgz 578ms (cache miss)
792 http fetch GET 200 https://registry.npmjs.org/fs-minipass/-/fs-minipass-2.1.0.tgz 584ms (cache miss)
793 http fetch GET 200 https://registry.npmjs.org/yallist/-/yallist-4.0.0.tgz 587ms (cache miss)
794 http fetch GET 200 https://registry.npmjs.org/infer-owner/-/infer-owner-1.0.4.tgz 587ms (cache miss)
795 http fetch GET 200 https://registry.npmjs.org/fs-constants/-/fs-constants-1.0.0.tgz 584ms (cache miss)
796 http fetch GET 200 https://registry.npmjs.org/p-map/-/p-map-4.0.0.tgz 581ms (cache miss)
797 http fetch GET 200 https://registry.npmjs.org/concat-map/-/concat-map-0.0.1.tgz 598ms (cache miss)
798 http fetch GET 200 https://registry.npmjs.org/@tootallnate/once/-/once-1.1.2.tgz 598ms (cache miss)
799 http fetch GET 200 https://registry.npmjs.org/socks-proxy-agent/-/socks-proxy-agent-6.2.1.tgz 592ms (cache miss)
800 http fetch GET 200 https://registry.npmjs.org/minipass-collect/-/minipass-collect-1.0.2.tgz 585ms (cache miss)
801 http fetch GET 200 https://registry.npmjs.org/minipass-flush/-/minipass-flush-1.0.5.tgz 585ms (cache miss)
802 http fetch GET 200 https://registry.npmjs.org/@npmcli/move-file/-/move-file-1.1.2.tgz 603ms (cache miss)
803 warn deprecated @npmcli/move-file@1.1.2: This functionality has been moved to @npmcli/fs
804 http fetch GET 200 https://registry.npmjs.org/http-proxy-agent/-/http-proxy-agent-4.0.1.tgz 596ms (cache miss)
805 http fetch GET 200 https://registry.npmjs.org/is-lambda/-/is-lambda-1.0.1.tgz 594ms (cache miss)
806 http fetch GET 200 https://registry.npmjs.org/humanize-ms/-/humanize-ms-1.2.1.tgz 603ms (cache miss)
807 http fetch GET 200 https://registry.npmjs.org/isexe/-/isexe-2.0.0.tgz 615ms (cache miss)
808 http fetch GET 200 https://registry.npmjs.org/minipass-pipeline/-/minipass-pipeline-1.2.4.tgz 610ms (cache miss)
809 http fetch GET 200 https://registry.npmjs.org/lru-cache/-/lru-cache-6.0.0.tgz 610ms (cache miss)
810 http fetch GET 200 https://registry.npmjs.org/inflight/-/inflight-1.0.6.tgz 608ms (cache miss)
811 warn deprecated inflight@1.0.6: This module is not supported, and leaks memory. Do not use it. Check out lru-cache if you want a good and tested way to coalesce async requests by a key value, which is much more comprehensive and powerful.
812 http fetch GET 200 https://registry.npmjs.org/path-is-absolute/-/path-is-absolute-1.0.1.tgz 614ms (cache miss)
813 http fetch GET 200 https://registry.npmjs.org/fs.realpath/-/fs.realpath-1.0.0.tgz 616ms (cache miss)
814 http fetch GET 200 https://registry.npmjs.org/rimraf/-/rimraf-3.0.2.tgz 614ms (cache miss)
815 warn deprecated rimraf@3.0.2: Rimraf versions prior to v4 are no longer supported
816 http fetch GET 200 https://registry.npmjs.org/graceful-fs/-/graceful-fs-4.2.11.tgz 612ms (cache miss)
817 http fetch GET 200 https://registry.npmjs.org/nopt/-/nopt-5.0.0.tgz 614ms (cache miss)
818 http fetch GET 200 https://registry.npmjs.org/env-paths/-/env-paths-2.2.1.tgz 612ms (cache miss)
819 http fetch GET 200 https://registry.npmjs.org/agent-base/-/agent-base-6.0.2.tgz 644ms (cache miss)
820 http fetch GET 200 https://registry.npmjs.org/bindings/-/bindings-1.5.0.tgz 614ms (cache miss)
821 http fetch GET 200 https://registry.npmjs.org/which/-/which-2.0.2.tgz 629ms (cache miss)
822 http fetch GET 200 https://registry.npmjs.org/node-red-node-sqlite/-/node-red-node-sqlite-1.1.0.tgz 618ms (cache miss)
823 http fetch GET 200 https://registry.npmjs.org/promise-inflight/-/promise-inflight-1.0.1.tgz 627ms (cache miss)
824 http fetch GET 200 https://registry.npmjs.org/promise-retry/-/promise-retry-2.0.1.tgz 628ms (cache miss)
825 http fetch GET 200 https://registry.npmjs.org/mkdirp/-/mkdirp-1.0.4.tgz 660ms (cache miss)
826 http fetch GET 200 https://registry.npmjs.org/npmlog/-/npmlog-6.0.2.tgz 644ms (cache miss)
827 warn deprecated npmlog@6.0.2: This package is no longer supported.
828 http fetch GET 200 https://registry.npmjs.org/file-uri-to-path/-/file-uri-to-path-1.0.0.tgz 636ms (cache miss)
829 http fetch GET 200 https://registry.npmjs.org/tar-stream/-/tar-stream-2.2.0.tgz 655ms (cache miss)
830 http fetch GET 200 https://registry.npmjs.org/ssri/-/ssri-8.0.1.tgz 635ms (cache miss)
831 http fetch GET 200 https://registry.npmjs.org/minipass/-/minipass-5.0.0.tgz 634ms (cache miss)
832 http fetch GET 200 https://registry.npmjs.org/prebuild-install/-/prebuild-install-7.1.3.tgz 636ms (cache miss)
833 http fetch GET 200 https://registry.npmjs.org/https-proxy-agent/-/https-proxy-agent-5.0.1.tgz 660ms (cache miss)
834 http fetch GET 200 https://registry.npmjs.org/make-fetch-happen/-/make-fetch-happen-9.1.0.tgz 652ms (cache miss)
835 http fetch GET 200 https://registry.npmjs.org/minimatch/-/minimatch-3.1.2.tgz 660ms (cache miss)
836 http fetch GET 200 https://registry.npmjs.org/chownr/-/chownr-1.1.4.tgz 646ms (cache miss)
837 http fetch GET 200 https://registry.npmjs.org/minipass/-/minipass-3.3.6.tgz 666ms (cache miss)
838 http fetch GET 200 https://registry.npmjs.org/minipass-fetch/-/minipass-fetch-1.4.1.tgz 671ms (cache miss)
839 http fetch GET 200 https://registry.npmjs.org/http-cache-semantics/-/http-cache-semantics-4.2.0.tgz 668ms (cache miss)
840 http fetch GET 200 https://registry.npmjs.org/agentkeepalive/-/agentkeepalive-4.6.0.tgz 668ms (cache miss)
841 http fetch GET 200 https://registry.npmjs.org/gauge/-/gauge-4.0.4.tgz 702ms (cache miss)
842 warn deprecated gauge@4.0.4: This package is no longer supported.
843 http fetch GET 200 https://registry.npmjs.org/glob/-/glob-7.2.3.tgz 665ms (cache miss)
844 warn deprecated glob@7.2.3: Glob versions prior to v9 are no longer supported
845 http fetch GET 200 https://registry.npmjs.org/cacache/-/cacache-15.3.0.tgz 675ms (cache miss)
846 http fetch GET 200 https://registry.npmjs.org/minimist/-/minimist-1.2.8.tgz 714ms (cache miss)
847 http fetch GET 200 https://registry.npmjs.org/@npmcli/fs/-/fs-1.1.1.tgz 700ms (cache miss)
848 http fetch GET 200 https://registry.npmjs.org/node-addon-api/-/node-addon-api-7.1.1.tgz 689ms (cache miss)
849 http fetch GET 200 https://registry.npmjs.org/iconv-lite/-/iconv-lite-0.6.3.tgz 739ms (cache miss)
850 http fetch GET 200 https://registry.npmjs.org/semver/-/semver-7.7.2.tgz 712ms (cache miss)
851 http fetch GET 200 https://registry.npmjs.org/tar/-/tar-6.2.1.tgz 702ms (cache miss)
852 http fetch GET 200 https://registry.npmjs.org/socks/-/socks-2.8.5.tgz 777ms (cache miss)
853 http fetch GET 200 https://registry.npmjs.org/ip-address/-/ip-address-9.0.5.tgz 775ms (cache miss)
854 http fetch GET 200 https://registry.npmjs.org/sqlite3/-/sqlite3-5.1.7.tgz 755ms (cache miss)
855 http fetch GET 200 https://registry.npmjs.org/node-gyp/-/node-gyp-8.4.1.tgz 778ms (cache miss)
856 info run sqlite3@5.1.7 install node_modules/sqlite3 prebuild-install -r napi || node-gyp rebuild
857 info run sqlite3@5.1.7 install { code: 0, signal: null }
858 silly ADD node_modules/isexe
859 silly ADD node_modules/imurmurhash
860 silly ADD node_modules/unique-slug
861 silly ADD node_modules/fs-constants
862 silly ADD node_modules/tar-stream
863 silly ADD node_modules/tar-stream/node_modules/readable-stream
864 silly ADD node_modules/tar-stream/node_modules/bl
865 silly ADD node_modules/ansi-regex
866 silly ADD node_modules/is-fullwidth-code-point
867 silly ADD node_modules/emoji-regex
868 silly ADD node_modules/sprintf-js
869 silly ADD node_modules/jsbn
870 silly ADD node_modules/smart-buffer
871 silly ADD node_modules/ip-address
872 silly ADD node_modules/socks
873 silly ADD node_modules/mimic-response
874 silly ADD node_modules/simple-concat
875 silly ADD node_modules/decompress-response
876 silly ADD node_modules/strip-json-comments
877 silly ADD node_modules/ini
878 silly ADD node_modules/deep-extend
879 silly ADD node_modules/retry
880 silly ADD node_modules/err-code
881 silly ADD node_modules/tunnel-agent
882 silly ADD node_modules/tar-fs
883 silly ADD node_modules/tar-fs/node_modules/chownr
884 silly ADD node_modules/simple-get
885 silly ADD node_modules/rc
886 silly ADD node_modules/pump
887 silly ADD node_modules/node-abi
888 silly ADD node_modules/napi-build-utils
889 silly ADD node_modules/mkdirp-classic
890 silly ADD node_modules/minimist
891 silly ADD node_modules/github-from-package
892 silly ADD node_modules/expand-template
893 silly ADD node_modules/detect-libc
894 silly ADD node_modules/indent-string
895 silly ADD node_modules/clean-stack
896 silly ADD node_modules/aggregate-error
897 silly ADD node_modules/wide-align
898 silly ADD node_modules/strip-ansi
899 silly ADD node_modules/string-width
900 silly ADD node_modules/signal-exit
901 silly ADD node_modules/has-unicode
902 silly ADD node_modules/color-support
903 silly ADD node_modules/aproba
904 silly ADD node_modules/delegates
905 silly ADD node_modules/set-blocking
906 silly ADD node_modules/gauge
907 silly ADD node_modules/console-control-strings
908 silly ADD node_modules/are-we-there-yet
909 silly ADD node_modules/are-we-there-yet/node_modules/readable-stream
910 silly ADD node_modules/abbrev
911 silly ADD node_modules/safer-buffer
912 silly ADD node_modules/iconv-lite
913 silly ADD node_modules/minizlib
914 silly ADD node_modules/minipass-sized
915 silly ADD node_modules/encoding
916 silly ADD node_modules/concat-map
917 silly ADD node_modules/balanced-match
918 silly ADD node_modules/brace-expansion
919 silly ADD node_modules/yallist
920 silly ADD node_modules/agent-base
921 silly ADD node_modules/agent-base/node_modules/ms
922 silly ADD node_modules/agent-base/node_modules/debug
923 silly ADD node_modules/@tootallnate/once
924 silly ADD node_modules/@gar/promisify
925 silly ADD node_modules/unique-filename
926 silly ADD node_modules/promise-inflight
927 silly ADD node_modules/p-map
928 silly ADD node_modules/mkdirp
929 silly ADD node_modules/infer-owner
930 silly ADD node_modules/fs-minipass
931 silly ADD node_modules/chownr
932 silly ADD node_modules/@npmcli/move-file
933 silly ADD node_modules/@npmcli/fs
934 silly ADD node_modules/humanize-ms
935 silly ADD node_modules/ssri
936 silly ADD node_modules/socks-proxy-agent
937 silly ADD node_modules/socks-proxy-agent/node_modules/ms
938 silly ADD node_modules/socks-proxy-agent/node_modules/debug
939 silly ADD node_modules/promise-retry
940 silly ADD node_modules/minipass-pipeline
941 silly ADD node_modules/minipass-flush
942 silly ADD node_modules/minipass-fetch
943 silly ADD node_modules/minipass-collect
944 silly ADD node_modules/minipass
945 silly ADD node_modules/lru-cache
946 silly ADD node_modules/is-lambda
947 silly ADD node_modules/https-proxy-agent
948 silly ADD node_modules/https-proxy-agent/node_modules/ms
949 silly ADD node_modules/https-proxy-agent/node_modules/debug
950 silly ADD node_modules/http-proxy-agent
951 silly ADD node_modules/http-proxy-agent/node_modules/ms
952 silly ADD node_modules/http-proxy-agent/node_modules/debug
953 silly ADD node_modules/http-cache-semantics
954 silly ADD node_modules/cacache
955 silly ADD node_modules/agentkeepalive
956 silly ADD node_modules/path-is-absolute
957 silly ADD node_modules/minimatch
958 silly ADD node_modules/inflight
959 silly ADD node_modules/fs.realpath
960 silly ADD node_modules/which
961 silly ADD node_modules/semver
962 silly ADD node_modules/rimraf
963 silly ADD node_modules/npmlog
964 silly ADD node_modules/nopt
965 silly ADD node_modules/make-fetch-happen
966 silly ADD node_modules/graceful-fs
967 silly ADD node_modules/glob
968 silly ADD node_modules/env-paths
969 silly ADD node_modules/file-uri-to-path
970 silly ADD node_modules/tar
971 silly ADD node_modules/tar/node_modules/minipass
972 silly ADD node_modules/prebuild-install
973 silly ADD node_modules/node-gyp
974 silly ADD node_modules/node-addon-api
975 silly ADD node_modules/bindings
976 silly ADD node_modules/sqlite3
977 silly ADD node_modules/node-red-node-sqlite
978 verbose cwd /data
979 verbose os Linux 6.12.5-linuxkit
980 verbose node v20.19.0
981 verbose npm  v10.8.2
982 verbose exit 0
983 info ok
