0 verbose cli /usr/local/bin/node /usr/local/bin/npm
1 info using npm@10.8.2
2 info using node@v20.19.0
3 silly config load:file:/usr/local/lib/node_modules/npm/npmrc
4 silly config load:file:/data/.npmrc
5 silly config load:file:/usr/src/node-red/.npmrc
6 silly config load:file:/usr/local/etc/npmrc
7 verbose title npm install node-red-contrib-aedes@0.13.0
8 verbose argv "install" "--no-audit" "--no-update-notifier" "--no-fund" "--save" "--save-prefix" "~" "--omit" "dev" "--engine-strict" "node-red-contrib-aedes@0.13.0"
9 verbose logfile logs-max:10 dir:/data/.npm/_logs/2025-06-11T08_42_26_724Z-
10 verbose logfile /data/.npm/_logs/2025-06-11T08_42_26_724Z-debug-0.log
11 silly packumentCache heap:4345298944 maxSize:1086324736 maxEntrySize:543162368
12 silly logfile done cleaning log files
13 silly idealTree buildDeps
14 silly fetch manifest node-red-contrib-aedes@0.13.0
15 silly packumentCache full:https://registry.npmjs.org/node-red-contrib-aedes cache-miss
16 http fetch GET 200 https://registry.npmjs.org/node-red-contrib-aedes 532ms (cache miss)
17 silly packumentCache full:https://registry.npmjs.org/node-red-contrib-aedes set size:undefined disposed:false
18 silly placeDep ROOT node-red-contrib-aedes@0.13.0 OK for: node-red-project@0.0.1 want: 0.13.0
19 silly fetch manifest aedes@^0.51.0
20 silly packumentCache full:https://registry.npmjs.org/aedes cache-miss
21 silly fetch manifest websocket-stream@^5.5.2
22 silly packumentCache full:https://registry.npmjs.org/websocket-stream cache-miss
23 silly fetch manifest aedes-persistence-mongodb@^9.1.1
24 silly packumentCache full:https://registry.npmjs.org/aedes-persistence-mongodb cache-miss
25 http fetch GET 200 https://registry.npmjs.org/aedes 150ms (cache miss)
26 silly packumentCache full:https://registry.npmjs.org/aedes set size:undefined disposed:false
27 http fetch GET 200 https://registry.npmjs.org/websocket-stream 906ms (cache miss)
28 silly packumentCache full:https://registry.npmjs.org/websocket-stream set size:undefined disposed:false
29 http fetch GET 200 https://registry.npmjs.org/aedes-persistence-mongodb 953ms (cache miss)
30 silly packumentCache full:https://registry.npmjs.org/aedes-persistence-mongodb set size:undefined disposed:false
31 silly placeDep ROOT aedes@0.51.3 OK for: node-red-contrib-aedes@0.13.0 want: ^0.51.0
32 silly placeDep ROOT aedes-persistence-mongodb@9.3.0 OK for: node-red-contrib-aedes@0.13.0 want: ^9.1.1
33 silly placeDep ROOT websocket-stream@5.5.2 OK for: node-red-contrib-aedes@0.13.0 want: ^5.5.2
34 silly fetch manifest aedes-packet@^3.0.0
35 silly packumentCache full:https://registry.npmjs.org/aedes-packet cache-miss
36 silly fetch manifest aedes-persistence@^9.1.2
37 silly packumentCache full:https://registry.npmjs.org/aedes-persistence cache-miss
38 silly fetch manifest end-of-stream@^1.4.4
39 silly packumentCache full:https://registry.npmjs.org/end-of-stream cache-miss
40 silly fetch manifest fastfall@^1.5.1
41 silly packumentCache full:https://registry.npmjs.org/fastfall cache-miss
42 silly fetch manifest fastparallel@^2.4.1
43 silly packumentCache full:https://registry.npmjs.org/fastparallel cache-miss
44 silly fetch manifest fastseries@^2.0.0
45 silly packumentCache full:https://registry.npmjs.org/fastseries cache-miss
46 silly fetch manifest hyperid@^3.2.0
47 silly packumentCache full:https://registry.npmjs.org/hyperid cache-miss
48 http fetch GET 200 https://registry.npmjs.org/end-of-stream 71ms (cache miss)
49 silly packumentCache full:https://registry.npmjs.org/end-of-stream set size:undefined disposed:false
50 silly fetch manifest mqemitter@^6.0.0
51 silly packumentCache full:https://registry.npmjs.org/mqemitter cache-miss
52 http fetch GET 200 https://registry.npmjs.org/aedes-packet 178ms (cache miss)
53 silly packumentCache full:https://registry.npmjs.org/aedes-packet set size:undefined disposed:false
54 silly fetch manifest mqtt-packet@^9.0.0
55 silly packumentCache full:https://registry.npmjs.org/mqtt-packet cache-miss
56 http fetch GET 200 https://registry.npmjs.org/aedes-persistence 201ms (cache miss)
57 silly packumentCache full:https://registry.npmjs.org/aedes-persistence set size:undefined disposed:false
58 silly fetch manifest retimer@^4.0.0
59 silly packumentCache full:https://registry.npmjs.org/retimer cache-miss
60 http fetch GET 200 https://registry.npmjs.org/mqtt-packet 83ms (cache miss)
61 silly packumentCache full:https://registry.npmjs.org/mqtt-packet set size:undefined disposed:false
62 silly fetch manifest reusify@^1.0.4
63 silly packumentCache full:https://registry.npmjs.org/reusify cache-miss
64 http fetch GET 200 https://registry.npmjs.org/fastfall 271ms (cache miss)
65 silly packumentCache full:https://registry.npmjs.org/fastfall set size:undefined disposed:false
66 silly fetch manifest uuid@^10.0.0
67 silly packumentCache full:https://registry.npmjs.org/uuid cache-miss
68 http fetch GET 200 https://registry.npmjs.org/fastparallel 293ms (cache miss)
69 silly packumentCache full:https://registry.npmjs.org/fastparallel set size:undefined disposed:false
70 silly fetch manifest aedes-persistence@^10.2.0
71 silly packumentCache full:https://registry.npmjs.org/aedes-persistence cache-miss
72 http fetch GET 200 https://registry.npmjs.org/aedes-persistence 7ms (cache hit)
73 silly packumentCache full:https://registry.npmjs.org/aedes-persistence set size:134786 disposed:false
74 silly fetch manifest escape-string-regexp@^4.0.0
75 silly packumentCache full:https://registry.npmjs.org/escape-string-regexp cache-miss
76 http fetch GET 200 https://registry.npmjs.org/fastseries 344ms (cache miss)
77 silly packumentCache full:https://registry.npmjs.org/fastseries set size:undefined disposed:false
78 silly fetch manifest mongodb@6.16
79 silly packumentCache full:https://registry.npmjs.org/mongodb cache-miss
80 http fetch GET 200 https://registry.npmjs.org/reusify 96ms (cache miss)
81 silly packumentCache full:https://registry.npmjs.org/reusify set size:undefined disposed:false
82 silly fetch manifest qlobber@^8.0.1
83 silly packumentCache full:https://registry.npmjs.org/qlobber cache-miss
84 http fetch GET 200 https://registry.npmjs.org/uuid 88ms (cache miss)
85 silly packumentCache full:https://registry.npmjs.org/uuid set size:undefined disposed:false
86 silly fetch manifest duplexify@^3.5.1
87 silly packumentCache full:https://registry.npmjs.org/duplexify cache-miss
88 http fetch GET 200 https://registry.npmjs.org/escape-string-regexp 74ms (cache miss)
89 silly packumentCache full:https://registry.npmjs.org/escape-string-regexp set size:undefined disposed:false
90 silly fetch manifest readable-stream@^2.3.3
91 silly packumentCache full:https://registry.npmjs.org/readable-stream cache-miss
92 http fetch GET 200 https://registry.npmjs.org/duplexify 59ms (cache miss)
93 silly packumentCache full:https://registry.npmjs.org/duplexify set size:undefined disposed:false
94 silly fetch manifest ws@^3.2.0
95 silly packumentCache full:https://registry.npmjs.org/ws cache-miss
96 http fetch GET 200 https://registry.npmjs.org/readable-stream 71ms (cache miss)
97 silly packumentCache full:https://registry.npmjs.org/readable-stream set size:undefined disposed:false
98 silly fetch manifest xtend@^4.0.0
99 silly packumentCache full:https://registry.npmjs.org/xtend cache-miss
100 http fetch GET 200 https://registry.npmjs.org/qlobber 154ms (cache miss)
101 silly packumentCache full:https://registry.npmjs.org/qlobber set size:undefined disposed:false
102 http fetch GET 200 https://registry.npmjs.org/ws 111ms (cache miss)
103 silly packumentCache full:https://registry.npmjs.org/ws set size:undefined disposed:false
104 http fetch GET 200 https://registry.npmjs.org/xtend 106ms (cache miss)
105 silly packumentCache full:https://registry.npmjs.org/xtend set size:undefined disposed:false
106 http fetch GET 200 https://registry.npmjs.org/mongodb 238ms (cache miss)
107 silly packumentCache full:https://registry.npmjs.org/mongodb set size:undefined disposed:false
108 http fetch GET 200 https://registry.npmjs.org/mqemitter 709ms (cache miss)
109 silly packumentCache full:https://registry.npmjs.org/mqemitter set size:undefined disposed:false
110 http fetch GET 200 https://registry.npmjs.org/retimer 689ms (cache miss)
111 silly packumentCache full:https://registry.npmjs.org/retimer set size:undefined disposed:false
112 http fetch GET 200 https://registry.npmjs.org/hyperid 892ms (cache miss)
113 silly packumentCache full:https://registry.npmjs.org/hyperid set size:undefined disposed:false
114 silly placeDep ROOT aedes-packet@3.0.0 OK for: aedes@0.51.3 want: ^3.0.0
115 silly placeDep ROOT aedes-persistence@9.1.2 OK for: aedes@0.51.3 want: ^9.1.2
116 silly placeDep ROOT end-of-stream@1.4.4 OK for: aedes@0.51.3 want: ^1.4.4
117 silly placeDep ROOT fastfall@1.5.1 OK for: aedes@0.51.3 want: ^1.5.1
118 silly placeDep ROOT fastparallel@2.4.1 OK for: aedes@0.51.3 want: ^2.4.1
119 silly placeDep ROOT fastseries@2.0.0 OK for: aedes@0.51.3 want: ^2.0.0
120 silly placeDep ROOT hyperid@3.3.0 OK for: aedes@0.51.3 want: ^3.2.0
121 silly placeDep ROOT mqemitter@6.0.2 OK for: aedes@0.51.3 want: ^6.0.0
122 silly placeDep ROOT mqtt-packet@9.0.2 OK for: aedes@0.51.3 want: ^9.0.0
123 silly placeDep ROOT retimer@4.0.0 OK for: aedes@0.51.3 want: ^4.0.0
124 silly placeDep ROOT reusify@1.1.0 OK for: aedes@0.51.3 want: ^1.0.4
125 silly placeDep ROOT uuid@10.0.0 OK for: aedes@0.51.3 want: ^10.0.0
126 silly fetch manifest mqtt-packet@^7.0.0
127 silly packumentCache full:https://registry.npmjs.org/mqtt-packet cache-miss
128 silly fetch manifest qlobber@^7.0.0
129 silly packumentCache full:https://registry.npmjs.org/qlobber cache-miss
130 silly fetch manifest once@^1.4.0
131 silly packumentCache full:https://registry.npmjs.org/once cache-miss
132 silly fetch manifest reusify@^1.0.0
133 silly packumentCache full:https://registry.npmjs.org/reusify cache-miss
134 silly fetch manifest xtend@^4.0.2
135 silly packumentCache full:https://registry.npmjs.org/xtend cache-miss
136 silly fetch manifest buffer@^5.2.1
137 silly packumentCache full:https://registry.npmjs.org/buffer cache-miss
138 silly fetch manifest uuid@^8.3.2
139 silly packumentCache full:https://registry.npmjs.org/uuid cache-miss
140 http fetch GET 200 https://registry.npmjs.org/mqtt-packet 30ms (cache hit)
141 silly packumentCache full:https://registry.npmjs.org/mqtt-packet set size:181823 disposed:false
142 silly fetch manifest uuid-parse@^1.1.0
143 silly packumentCache full:https://registry.npmjs.org/uuid-parse cache-miss
144 http fetch GET 200 https://registry.npmjs.org/qlobber 27ms (cache hit)
145 silly packumentCache full:https://registry.npmjs.org/qlobber set size:130469 disposed:false
146 silly fetch manifest bl@^6.0.8
147 silly packumentCache full:https://registry.npmjs.org/bl cache-miss
148 http fetch GET 200 https://registry.npmjs.org/xtend 34ms (cache hit)
149 silly packumentCache full:https://registry.npmjs.org/xtend set size:28314 disposed:false
150 silly fetch manifest debug@^4.3.4
151 silly packumentCache full:https://registry.npmjs.org/debug cache-miss
152 http fetch GET 200 https://registry.npmjs.org/uuid 35ms (cache hit)
153 silly packumentCache full:https://registry.npmjs.org/uuid set size:215972 disposed:false
154 silly fetch manifest process-nextick-args@^2.0.1
155 silly packumentCache full:https://registry.npmjs.org/process-nextick-args cache-miss
156 http fetch GET 200 https://registry.npmjs.org/reusify 49ms (cache hit)
157 silly packumentCache full:https://registry.npmjs.org/reusify set size:14249 disposed:false
158 silly fetch manifest worker-timers@^7.0.75
159 silly packumentCache full:https://registry.npmjs.org/worker-timers cache-miss
160 http fetch GET 200 https://registry.npmjs.org/once 84ms (cache miss)
161 silly packumentCache full:https://registry.npmjs.org/once set size:undefined disposed:false
162 http fetch GET 200 https://registry.npmjs.org/buffer 84ms (cache miss)
163 silly packumentCache full:https://registry.npmjs.org/buffer set size:undefined disposed:false
164 http fetch GET 200 https://registry.npmjs.org/bl 77ms (cache miss)
165 silly packumentCache full:https://registry.npmjs.org/bl set size:undefined disposed:false
166 http fetch GET 200 https://registry.npmjs.org/uuid-parse 102ms (cache miss)
167 silly packumentCache full:https://registry.npmjs.org/uuid-parse set size:undefined disposed:false
168 http fetch GET 200 https://registry.npmjs.org/process-nextick-args 80ms (cache miss)
169 silly packumentCache full:https://registry.npmjs.org/process-nextick-args set size:undefined disposed:false
170 http fetch GET 200 https://registry.npmjs.org/debug 91ms (cache miss)
171 silly packumentCache full:https://registry.npmjs.org/debug set size:undefined disposed:false
172 http fetch GET 200 https://registry.npmjs.org/worker-timers 163ms (cache miss)
173 silly packumentCache full:https://registry.npmjs.org/worker-timers set size:undefined disposed:false
174 silly placeDep node_modules/aedes-packet mqtt-packet@7.1.2 OK for: aedes-packet@3.0.0 want: ^7.0.0
175 silly fetch manifest bl@^4.0.2
176 silly packumentCache full:https://registry.npmjs.org/bl cache-miss
177 silly fetch manifest debug@^4.1.1
178 silly packumentCache full:https://registry.npmjs.org/debug cache-miss
179 http fetch GET 200 https://registry.npmjs.org/debug 23ms (cache hit)
180 silly packumentCache full:https://registry.npmjs.org/debug set size:193521 disposed:false
181 http fetch GET 200 https://registry.npmjs.org/bl 36ms (cache hit)
182 silly packumentCache full:https://registry.npmjs.org/bl set size:171610 disposed:false
183 silly placeDep ROOT qlobber@7.0.1 OK for: aedes-persistence@9.1.2 want: ^7.0.0
184 silly fetch manifest @aws-sdk/credential-providers@^3.188.0
185 silly packumentCache full:https://registry.npmjs.org/@aws-sdk%2fcredential-providers cache-miss
186 http fetch GET 200 https://registry.npmjs.org/@aws-sdk%2fcredential-providers 247ms (cache miss)
187 silly packumentCache full:https://registry.npmjs.org/@aws-sdk%2fcredential-providers set size:undefined disposed:false
188 silly fetch manifest @mongodb-js/zstd@^1.1.0 || ^2.0.0
189 silly packumentCache full:https://registry.npmjs.org/@mongodb-js%2fzstd cache-miss
190 http fetch GET 200 https://registry.npmjs.org/@mongodb-js%2fzstd 105ms (cache miss)
191 silly packumentCache full:https://registry.npmjs.org/@mongodb-js%2fzstd set size:undefined disposed:false
192 silly fetch manifest gcp-metadata@^5.2.0
193 silly packumentCache full:https://registry.npmjs.org/gcp-metadata cache-miss
194 http fetch GET 200 https://registry.npmjs.org/gcp-metadata 80ms (cache miss)
195 silly packumentCache full:https://registry.npmjs.org/gcp-metadata set size:undefined disposed:false
196 silly fetch manifest kerberos@^2.0.1
197 silly packumentCache full:https://registry.npmjs.org/kerberos cache-miss
198 http fetch GET 200 https://registry.npmjs.org/kerberos 62ms (cache miss)
199 silly packumentCache full:https://registry.npmjs.org/kerberos set size:undefined disposed:false
200 silly fetch manifest mongodb-client-encryption@>=6.0.0 <7
201 silly packumentCache full:https://registry.npmjs.org/mongodb-client-encryption cache-miss
202 http fetch GET 200 https://registry.npmjs.org/mongodb-client-encryption 98ms (cache miss)
203 silly packumentCache full:https://registry.npmjs.org/mongodb-client-encryption set size:undefined disposed:false
204 silly fetch manifest snappy@^7.2.2
205 silly packumentCache full:https://registry.npmjs.org/snappy cache-miss
206 http fetch GET 200 https://registry.npmjs.org/snappy 105ms (cache miss)
207 silly packumentCache full:https://registry.npmjs.org/snappy set size:undefined disposed:false
208 silly fetch manifest socks@^2.7.1
209 silly packumentCache full:https://registry.npmjs.org/socks cache-miss
210 http fetch GET 200 https://registry.npmjs.org/socks 103ms (cache miss)
211 silly packumentCache full:https://registry.npmjs.org/socks set size:undefined disposed:false
212 silly placeDep node_modules/aedes-persistence-mongodb aedes-persistence@10.2.0 OK for: aedes-persistence-mongodb@9.3.0 want: ^10.2.0
213 silly placeDep ROOT escape-string-regexp@4.0.0 OK for: aedes-persistence-mongodb@9.3.0 want: ^4.0.0
214 silly placeDep ROOT mongodb@6.16.0 OK for: aedes-persistence-mongodb@9.3.0 want: 6.16
215 silly placeDep node_modules/aedes-persistence-mongodb qlobber@8.0.1 OK for: aedes-persistence-mongodb@9.3.0 want: ^8.0.1
216 silly fetch manifest bson@^6.10.3
217 silly packumentCache full:https://registry.npmjs.org/bson cache-miss
218 silly fetch manifest @mongodb-js/saslprep@^1.1.9
219 silly packumentCache full:https://registry.npmjs.org/@mongodb-js%2fsaslprep cache-miss
220 silly fetch manifest mongodb-connection-string-url@^3.0.0
221 silly packumentCache full:https://registry.npmjs.org/mongodb-connection-string-url cache-miss
222 http fetch GET 200 https://registry.npmjs.org/bson 86ms (cache miss)
223 silly packumentCache full:https://registry.npmjs.org/bson set size:undefined disposed:false
224 http fetch GET 200 https://registry.npmjs.org/mongodb-connection-string-url 93ms (cache miss)
225 silly packumentCache full:https://registry.npmjs.org/mongodb-connection-string-url set size:undefined disposed:false
226 http fetch GET 200 https://registry.npmjs.org/@mongodb-js%2fsaslprep 108ms (cache miss)
227 silly packumentCache full:https://registry.npmjs.org/@mongodb-js%2fsaslprep set size:undefined disposed:false
228 silly placeDep ROOT once@1.4.0 OK for: end-of-stream@1.4.4 want: ^1.4.0
229 silly fetch manifest wrappy@1
230 silly packumentCache full:https://registry.npmjs.org/wrappy cache-miss
231 http fetch GET 200 https://registry.npmjs.org/wrappy 65ms (cache miss)
232 silly packumentCache full:https://registry.npmjs.org/wrappy set size:undefined disposed:false
233 silly placeDep ROOT xtend@4.0.2 OK for: fastparallel@2.4.1 want: ^4.0.2
234 silly placeDep ROOT buffer@5.7.1 OK for: hyperid@3.3.0 want: ^5.2.1
235 silly placeDep node_modules/hyperid uuid@8.3.2 OK for: hyperid@3.3.0 want: ^8.3.2
236 silly placeDep ROOT uuid-parse@1.1.0 OK for: hyperid@3.3.0 want: ^1.1.0
237 silly fetch manifest base64-js@^1.3.1
238 silly packumentCache full:https://registry.npmjs.org/base64-js cache-miss
239 silly fetch manifest ieee754@^1.1.13
240 silly packumentCache full:https://registry.npmjs.org/ieee754 cache-miss
241 http fetch GET 200 https://registry.npmjs.org/base64-js 68ms (cache miss)
242 silly packumentCache full:https://registry.npmjs.org/base64-js set size:undefined disposed:false
243 http fetch GET 200 https://registry.npmjs.org/ieee754 78ms (cache miss)
244 silly packumentCache full:https://registry.npmjs.org/ieee754 set size:undefined disposed:false
245 silly placeDep ROOT base64-js@1.5.1 OK for: buffer@5.7.1 want: ^1.3.1
246 silly placeDep ROOT ieee754@1.2.1 OK for: buffer@5.7.1 want: ^1.1.13
247 silly placeDep ROOT @mongodb-js/saslprep@1.2.2 OK for: mongodb@6.16.0 want: ^1.1.9
248 silly placeDep ROOT bson@6.10.4 OK for: mongodb@6.16.0 want: ^6.10.3
249 silly placeDep ROOT mongodb-connection-string-url@3.0.2 OK for: mongodb@6.16.0 want: ^3.0.0
250 silly fetch manifest sparse-bitfield@^3.0.3
251 silly packumentCache full:https://registry.npmjs.org/sparse-bitfield cache-miss
252 silly fetch manifest whatwg-url@^14.1.0 || ^13.0.0
253 silly packumentCache full:https://registry.npmjs.org/whatwg-url cache-miss
254 silly fetch manifest @types/whatwg-url@^11.0.2
255 silly packumentCache full:https://registry.npmjs.org/@types%2fwhatwg-url cache-miss
256 http fetch GET 200 https://registry.npmjs.org/whatwg-url 80ms (cache miss)
257 silly packumentCache full:https://registry.npmjs.org/whatwg-url set size:undefined disposed:false
258 http fetch GET 200 https://registry.npmjs.org/sparse-bitfield 94ms (cache miss)
259 silly packumentCache full:https://registry.npmjs.org/sparse-bitfield set size:undefined disposed:false
260 http fetch GET 200 https://registry.npmjs.org/@types%2fwhatwg-url 134ms (cache miss)
261 silly packumentCache full:https://registry.npmjs.org/@types%2fwhatwg-url set size:undefined disposed:false
262 silly placeDep ROOT sparse-bitfield@3.0.3 OK for: @mongodb-js/saslprep@1.2.2 want: ^3.0.3
263 silly fetch manifest memory-pager@^1.0.2
264 silly packumentCache full:https://registry.npmjs.org/memory-pager cache-miss
265 http fetch GET 200 https://registry.npmjs.org/memory-pager 68ms (cache miss)
266 silly packumentCache full:https://registry.npmjs.org/memory-pager set size:undefined disposed:false
267 silly placeDep ROOT @types/whatwg-url@11.0.5 OK for: mongodb-connection-string-url@3.0.2 want: ^11.0.2
268 silly placeDep ROOT whatwg-url@14.2.0 OK for: mongodb-connection-string-url@3.0.2 want: ^14.1.0 || ^13.0.0
269 silly fetch manifest @types/webidl-conversions@*
270 silly packumentCache full:https://registry.npmjs.org/@types%2fwebidl-conversions cache-miss
271 silly fetch manifest tr46@^5.1.0
272 silly packumentCache full:https://registry.npmjs.org/tr46 cache-miss
273 silly fetch manifest webidl-conversions@^7.0.0
274 silly packumentCache full:https://registry.npmjs.org/webidl-conversions cache-miss
275 http fetch GET 200 https://registry.npmjs.org/webidl-conversions 65ms (cache miss)
276 silly packumentCache full:https://registry.npmjs.org/webidl-conversions set size:undefined disposed:false
277 http fetch GET 200 https://registry.npmjs.org/tr46 69ms (cache miss)
278 silly packumentCache full:https://registry.npmjs.org/tr46 set size:undefined disposed:false
279 http fetch GET 200 https://registry.npmjs.org/@types%2fwebidl-conversions 79ms (cache miss)
280 silly packumentCache full:https://registry.npmjs.org/@types%2fwebidl-conversions set size:undefined disposed:false
281 silly placeDep ROOT @types/webidl-conversions@7.0.3 OK for: @types/whatwg-url@11.0.5 want: *
282 silly placeDep node_modules/mqemitter qlobber@8.0.1 OK for: mqemitter@6.0.2 want: ^8.0.1
283 silly placeDep ROOT bl@6.1.0 OK for: mqtt-packet@9.0.2 want: ^6.0.8
284 silly placeDep node_modules/mqtt-packet debug@4.4.1 OK for: mqtt-packet@9.0.2 want: ^4.3.4
285 silly placeDep ROOT process-nextick-args@2.0.1 OK for: mqtt-packet@9.0.2 want: ^2.0.1
286 silly fetch manifest @types/readable-stream@^4.0.0
287 silly packumentCache full:https://registry.npmjs.org/@types%2freadable-stream cache-miss
288 silly fetch manifest buffer@^6.0.3
289 silly packumentCache full:https://registry.npmjs.org/buffer cache-miss
290 silly fetch manifest readable-stream@^4.2.0
291 silly packumentCache full:https://registry.npmjs.org/readable-stream cache-miss
292 silly fetch manifest ms@^2.1.3
293 silly packumentCache full:https://registry.npmjs.org/ms cache-miss
294 http fetch GET 200 https://registry.npmjs.org/buffer 20ms (cache hit)
295 silly packumentCache full:https://registry.npmjs.org/buffer set size:280480 disposed:false
296 http fetch GET 200 https://registry.npmjs.org/readable-stream 28ms (cache hit)
297 silly packumentCache full:https://registry.npmjs.org/readable-stream set size:261096 disposed:false
298 http fetch GET 200 https://registry.npmjs.org/@types%2freadable-stream 80ms (cache miss)
299 silly packumentCache full:https://registry.npmjs.org/@types%2freadable-stream set size:undefined disposed:false
300 http fetch GET 200 https://registry.npmjs.org/ms 80ms (cache miss)
301 silly packumentCache full:https://registry.npmjs.org/ms set size:undefined disposed:false
302 silly placeDep ROOT @types/readable-stream@4.0.21 OK for: bl@6.1.0 want: ^4.0.0
303 silly placeDep node_modules/bl buffer@6.0.3 OK for: bl@6.1.0 want: ^6.0.3
304 silly placeDep ROOT readable-stream@4.7.0 OK for: bl@6.1.0 want: ^4.2.0
305 silly fetch manifest abort-controller@^3.0.0
306 silly packumentCache full:https://registry.npmjs.org/abort-controller cache-miss
307 silly fetch manifest events@^3.3.0
308 silly packumentCache full:https://registry.npmjs.org/events cache-miss
309 silly fetch manifest process@^0.11.10
310 silly packumentCache full:https://registry.npmjs.org/process cache-miss
311 silly fetch manifest string_decoder@^1.3.0
312 silly packumentCache full:https://registry.npmjs.org/string_decoder cache-miss
313 http fetch GET 200 https://registry.npmjs.org/events 74ms (cache miss)
314 silly packumentCache full:https://registry.npmjs.org/events set size:undefined disposed:false
315 http fetch GET 200 https://registry.npmjs.org/string_decoder 75ms (cache miss)
316 silly packumentCache full:https://registry.npmjs.org/string_decoder set size:undefined disposed:false
317 http fetch GET 200 https://registry.npmjs.org/abort-controller 80ms (cache miss)
318 silly packumentCache full:https://registry.npmjs.org/abort-controller set size:undefined disposed:false
319 http fetch GET 200 https://registry.npmjs.org/process 81ms (cache miss)
320 silly packumentCache full:https://registry.npmjs.org/process set size:undefined disposed:false
321 silly placeDep ROOT wrappy@1.0.2 OK for: once@1.4.0 want: 1
322 silly placeDep ROOT abort-controller@3.0.0 OK for: readable-stream@4.7.0 want: ^3.0.0
323 silly placeDep node_modules/readable-stream buffer@6.0.3 OK for: readable-stream@4.7.0 want: ^6.0.3
324 silly placeDep ROOT events@3.3.0 OK for: readable-stream@4.7.0 want: ^3.3.0
325 silly placeDep ROOT process@0.11.10 OK for: readable-stream@4.7.0 want: ^0.11.10
326 silly placeDep ROOT string_decoder@1.3.0 OK for: readable-stream@4.7.0 want: ^1.3.0
327 silly fetch manifest event-target-shim@^5.0.0
328 silly packumentCache full:https://registry.npmjs.org/event-target-shim cache-miss
329 http fetch GET 200 https://registry.npmjs.org/event-target-shim 80ms (cache miss)
330 silly packumentCache full:https://registry.npmjs.org/event-target-shim set size:undefined disposed:false
331 silly placeDep ROOT event-target-shim@5.0.1 OK for: abort-controller@3.0.0 want: ^5.0.0
332 silly placeDep ROOT worker-timers@7.1.8 OK for: retimer@4.0.0 want: ^7.0.75
333 silly fetch manifest tslib@^2.6.2
334 silly packumentCache full:https://registry.npmjs.org/tslib cache-miss
335 silly fetch manifest @babel/runtime@^7.24.5
336 silly packumentCache full:https://registry.npmjs.org/@babel%2fruntime cache-miss
337 silly fetch manifest worker-timers-broker@^6.1.8
338 silly packumentCache full:https://registry.npmjs.org/worker-timers-broker cache-miss
339 silly fetch manifest worker-timers-worker@^7.0.71
340 silly packumentCache full:https://registry.npmjs.org/worker-timers-worker cache-miss
341 http fetch GET 200 https://registry.npmjs.org/tslib 92ms (cache miss)
342 silly packumentCache full:https://registry.npmjs.org/tslib set size:undefined disposed:false
343 http fetch GET 200 https://registry.npmjs.org/worker-timers-worker 103ms (cache miss)
344 silly packumentCache full:https://registry.npmjs.org/worker-timers-worker set size:undefined disposed:false
345 http fetch GET 200 https://registry.npmjs.org/worker-timers-broker 122ms (cache miss)
346 silly packumentCache full:https://registry.npmjs.org/worker-timers-broker set size:undefined disposed:false
347 http fetch GET 200 https://registry.npmjs.org/@babel%2fruntime 197ms (cache miss)
348 silly packumentCache full:https://registry.npmjs.org/@babel%2fruntime set size:undefined disposed:false
349 silly placeDep ROOT memory-pager@1.5.0 OK for: sparse-bitfield@3.0.3 want: ^1.0.2
350 silly placeDep ROOT duplexify@3.7.1 OK for: websocket-stream@5.5.2 want: ^3.5.1
351 silly placeDep node_modules/websocket-stream readable-stream@2.3.8 OK for: websocket-stream@5.5.2 want: ^2.3.3
352 silly placeDep node_modules/websocket-stream ws@3.3.3 OK for: websocket-stream@5.5.2 want: ^3.2.0
353 silly fetch manifest readable-stream@^2.0.0
354 silly packumentCache full:https://registry.npmjs.org/readable-stream cache-hit
355 silly fetch manifest stream-shift@^1.0.0
356 silly packumentCache full:https://registry.npmjs.org/stream-shift cache-miss
357 silly fetch manifest isarray@~1.0.0
358 silly packumentCache full:https://registry.npmjs.org/isarray cache-miss
359 silly fetch manifest safe-buffer@~5.1.1
360 silly packumentCache full:https://registry.npmjs.org/safe-buffer cache-miss
361 silly fetch manifest core-util-is@~1.0.0
362 silly packumentCache full:https://registry.npmjs.org/core-util-is cache-miss
363 silly fetch manifest string_decoder@~1.1.1
364 silly packumentCache full:https://registry.npmjs.org/string_decoder cache-miss
365 silly fetch manifest util-deprecate@~1.0.1
366 silly packumentCache full:https://registry.npmjs.org/util-deprecate cache-miss
367 silly fetch manifest ultron@~1.1.0
368 silly packumentCache full:https://registry.npmjs.org/ultron cache-miss
369 http fetch GET 200 https://registry.npmjs.org/string_decoder 40ms (cache hit)
370 silly packumentCache full:https://registry.npmjs.org/string_decoder set size:28441 disposed:false
371 silly fetch manifest safe-buffer@~5.1.0
372 silly packumentCache full:https://registry.npmjs.org/safe-buffer cache-miss
373 http fetch GET 200 https://registry.npmjs.org/isarray 94ms (cache miss)
374 silly packumentCache full:https://registry.npmjs.org/isarray set size:undefined disposed:false
375 silly fetch manifest async-limiter@~1.0.0
376 silly packumentCache full:https://registry.npmjs.org/async-limiter cache-miss
377 http fetch GET 200 https://registry.npmjs.org/util-deprecate 95ms (cache miss)
378 silly packumentCache full:https://registry.npmjs.org/util-deprecate set size:undefined disposed:false
379 http fetch GET 200 https://registry.npmjs.org/stream-shift 108ms (cache miss)
380 silly packumentCache full:https://registry.npmjs.org/stream-shift set size:undefined disposed:false
381 http fetch GET 200 https://registry.npmjs.org/ultron 99ms (cache miss)
382 silly packumentCache full:https://registry.npmjs.org/ultron set size:undefined disposed:false
383 http fetch GET 200 https://registry.npmjs.org/safe-buffer 108ms (cache miss)
384 silly packumentCache full:https://registry.npmjs.org/safe-buffer set size:undefined disposed:false
385 http fetch GET 200 https://registry.npmjs.org/core-util-is 109ms (cache miss)
386 silly packumentCache full:https://registry.npmjs.org/core-util-is set size:undefined disposed:false
387 http fetch GET 200 https://registry.npmjs.org/safe-buffer 66ms (cache miss)
388 silly packumentCache full:https://registry.npmjs.org/safe-buffer set size:undefined disposed:false
389 http fetch GET 200 https://registry.npmjs.org/async-limiter 61ms (cache miss)
390 silly packumentCache full:https://registry.npmjs.org/async-limiter set size:undefined disposed:false
391 silly placeDep node_modules/duplexify readable-stream@2.3.8 OK for: duplexify@3.7.1 want: ^2.0.0
392 silly placeDep ROOT stream-shift@1.0.3 OK for: duplexify@3.7.1 want: ^1.0.0
393 silly placeDep ROOT tr46@5.1.1 OK for: whatwg-url@14.2.0 want: ^5.1.0
394 silly placeDep ROOT webidl-conversions@7.0.0 OK for: whatwg-url@14.2.0 want: ^7.0.0
395 silly fetch manifest punycode@^2.3.1
396 silly packumentCache full:https://registry.npmjs.org/punycode cache-miss
397 http fetch GET 200 https://registry.npmjs.org/punycode 62ms (cache miss)
398 silly packumentCache full:https://registry.npmjs.org/punycode set size:undefined disposed:false
399 silly placeDep ROOT punycode@2.3.1 OK for: tr46@5.1.1 want: ^2.3.1
400 silly placeDep ROOT @babel/runtime@7.27.6 OK for: worker-timers@7.1.8 want: ^7.24.5
401 silly placeDep ROOT tslib@2.8.1 OK for: worker-timers@7.1.8 want: ^2.6.2
402 silly placeDep ROOT worker-timers-broker@6.1.8 OK for: worker-timers@7.1.8 want: ^6.1.8
403 silly placeDep ROOT worker-timers-worker@7.0.71 OK for: worker-timers@7.1.8 want: ^7.0.71
404 silly fetch manifest fast-unique-numbers@^8.0.13
405 silly packumentCache full:https://registry.npmjs.org/fast-unique-numbers cache-miss
406 http fetch GET 200 https://registry.npmjs.org/fast-unique-numbers 99ms (cache miss)
407 silly packumentCache full:https://registry.npmjs.org/fast-unique-numbers set size:undefined disposed:false
408 silly placeDep ROOT fast-unique-numbers@8.0.13 OK for: worker-timers-broker@6.1.8 want: ^8.0.13
409 silly placeDep node_modules/aedes-packet bl@4.1.0 OK for: mqtt-packet@7.1.2 want: ^4.0.2
410 silly placeDep node_modules/aedes-packet debug@4.4.1 OK for: mqtt-packet@7.1.2 want: ^4.1.1
411 silly fetch manifest readable-stream@^3.4.0
412 silly packumentCache full:https://registry.npmjs.org/readable-stream cache-hit
413 silly placeDep node_modules/aedes-packet readable-stream@3.6.2 OK for: bl@4.1.0 want: ^3.4.0
414 silly fetch manifest util-deprecate@^1.0.1
415 silly packumentCache full:https://registry.npmjs.org/util-deprecate cache-miss
416 http fetch GET 200 https://registry.npmjs.org/util-deprecate 7ms (cache hit)
417 silly packumentCache full:https://registry.npmjs.org/util-deprecate set size:6674 disposed:false
418 silly placeDep node_modules/aedes-packet ms@2.1.3 OK for: debug@4.4.1 want: ^2.1.3
419 silly placeDep ROOT util-deprecate@1.0.2 OK for: readable-stream@3.6.2 want: ^1.0.1
420 silly placeDep ROOT core-util-is@1.0.3 OK for: readable-stream@2.3.8 want: ~1.0.0
421 silly placeDep ROOT isarray@1.0.0 OK for: readable-stream@2.3.8 want: ~1.0.0
422 silly placeDep node_modules/duplexify safe-buffer@5.1.2 OK for: readable-stream@2.3.8 want: ~5.1.1
423 silly placeDep node_modules/duplexify string_decoder@1.1.1 OK for: readable-stream@2.3.8 want: ~1.1.1
424 silly placeDep node_modules/mqtt-packet ms@2.1.3 OK for: debug@4.4.1 want: ^2.1.3
425 silly placeDep node_modules/websocket-stream safe-buffer@5.1.2 OK for: readable-stream@2.3.8 want: ~5.1.1
426 silly placeDep node_modules/websocket-stream string_decoder@1.1.1 OK for: readable-stream@2.3.8 want: ~1.1.1
427 silly placeDep ROOT async-limiter@1.0.1 OK for: ws@3.3.3 want: ~1.0.0
428 silly placeDep ROOT ultron@1.1.1 OK for: ws@3.3.3 want: ~1.1.0
429 silly reify moves {}
430 silly tarball no local data for ultron@https://registry.npmjs.org/ultron/-/ultron-1.1.1.tgz. Extracting by manifest.
431 silly tarball no local data for async-limiter@https://registry.npmjs.org/async-limiter/-/async-limiter-1.0.1.tgz. Extracting by manifest.
432 silly tarball no local data for isarray@https://registry.npmjs.org/isarray/-/isarray-1.0.0.tgz. Extracting by manifest.
433 silly tarball no local data for core-util-is@https://registry.npmjs.org/core-util-is/-/core-util-is-1.0.3.tgz. Extracting by manifest.
434 silly tarball no local data for util-deprecate@https://registry.npmjs.org/util-deprecate/-/util-deprecate-1.0.2.tgz. Extracting by manifest.
435 silly tarball no local data for fast-unique-numbers@https://registry.npmjs.org/fast-unique-numbers/-/fast-unique-numbers-8.0.13.tgz. Extracting by manifest.
436 silly tarball no local data for worker-timers-worker@https://registry.npmjs.org/worker-timers-worker/-/worker-timers-worker-7.0.71.tgz. Extracting by manifest.
437 silly tarball no local data for worker-timers-broker@https://registry.npmjs.org/worker-timers-broker/-/worker-timers-broker-6.1.8.tgz. Extracting by manifest.
438 silly tarball no local data for tslib@https://registry.npmjs.org/tslib/-/tslib-2.8.1.tgz. Extracting by manifest.
439 silly tarball no local data for @babel/runtime@https://registry.npmjs.org/@babel/runtime/-/runtime-7.27.6.tgz. Extracting by manifest.
440 silly tarball no local data for punycode@https://registry.npmjs.org/punycode/-/punycode-2.3.1.tgz. Extracting by manifest.
441 silly tarball no local data for webidl-conversions@https://registry.npmjs.org/webidl-conversions/-/webidl-conversions-7.0.0.tgz. Extracting by manifest.
442 silly tarball no local data for tr46@https://registry.npmjs.org/tr46/-/tr46-5.1.1.tgz. Extracting by manifest.
443 silly tarball no local data for stream-shift@https://registry.npmjs.org/stream-shift/-/stream-shift-1.0.3.tgz. Extracting by manifest.
444 silly tarball no local data for memory-pager@https://registry.npmjs.org/memory-pager/-/memory-pager-1.5.0.tgz. Extracting by manifest.
445 silly tarball no local data for duplexify@https://registry.npmjs.org/duplexify/-/duplexify-3.7.1.tgz. Extracting by manifest.
446 silly tarball no local data for worker-timers@https://registry.npmjs.org/worker-timers/-/worker-timers-7.1.8.tgz. Extracting by manifest.
447 silly tarball no local data for event-target-shim@https://registry.npmjs.org/event-target-shim/-/event-target-shim-5.0.1.tgz. Extracting by manifest.
448 silly tarball no local data for process@https://registry.npmjs.org/process/-/process-0.11.10.tgz. Extracting by manifest.
449 silly tarball no local data for string_decoder@https://registry.npmjs.org/string_decoder/-/string_decoder-1.3.0.tgz. Extracting by manifest.
450 silly tarball no local data for events@https://registry.npmjs.org/events/-/events-3.3.0.tgz. Extracting by manifest.
451 silly tarball no local data for abort-controller@https://registry.npmjs.org/abort-controller/-/abort-controller-3.0.0.tgz. Extracting by manifest.
452 silly tarball no local data for wrappy@https://registry.npmjs.org/wrappy/-/wrappy-1.0.2.tgz. Extracting by manifest.
453 silly tarball no local data for readable-stream@https://registry.npmjs.org/readable-stream/-/readable-stream-4.7.0.tgz. Extracting by manifest.
454 silly tarball no local data for @types/readable-stream@https://registry.npmjs.org/@types/readable-stream/-/readable-stream-4.0.21.tgz. Extracting by manifest.
455 silly tarball no local data for process-nextick-args@https://registry.npmjs.org/process-nextick-args/-/process-nextick-args-2.0.1.tgz. Extracting by manifest.
456 silly tarball no local data for bl@https://registry.npmjs.org/bl/-/bl-6.1.0.tgz. Extracting by manifest.
457 silly tarball no local data for @types/webidl-conversions@https://registry.npmjs.org/@types/webidl-conversions/-/webidl-conversions-7.0.3.tgz. Extracting by manifest.
458 silly tarball no local data for whatwg-url@https://registry.npmjs.org/whatwg-url/-/whatwg-url-14.2.0.tgz. Extracting by manifest.
459 silly tarball no local data for @types/whatwg-url@https://registry.npmjs.org/@types/whatwg-url/-/whatwg-url-11.0.5.tgz. Extracting by manifest.
460 silly tarball no local data for mongodb-connection-string-url@https://registry.npmjs.org/mongodb-connection-string-url/-/mongodb-connection-string-url-3.0.2.tgz. Extracting by manifest.
461 silly tarball no local data for sparse-bitfield@https://registry.npmjs.org/sparse-bitfield/-/sparse-bitfield-3.0.3.tgz. Extracting by manifest.
462 silly tarball no local data for bson@https://registry.npmjs.org/bson/-/bson-6.10.4.tgz. Extracting by manifest.
463 silly tarball no local data for @mongodb-js/saslprep@https://registry.npmjs.org/@mongodb-js/saslprep/-/saslprep-1.2.2.tgz. Extracting by manifest.
464 silly tarball no local data for uuid-parse@https://registry.npmjs.org/uuid-parse/-/uuid-parse-1.1.0.tgz. Extracting by manifest.
465 silly tarball no local data for ieee754@https://registry.npmjs.org/ieee754/-/ieee754-1.2.1.tgz. Extracting by manifest.
466 silly tarball no local data for base64-js@https://registry.npmjs.org/base64-js/-/base64-js-1.5.1.tgz. Extracting by manifest.
467 silly tarball no local data for buffer@https://registry.npmjs.org/buffer/-/buffer-5.7.1.tgz. Extracting by manifest.
468 silly tarball no local data for xtend@https://registry.npmjs.org/xtend/-/xtend-4.0.2.tgz. Extracting by manifest.
469 silly tarball no local data for once@https://registry.npmjs.org/once/-/once-1.4.0.tgz. Extracting by manifest.
470 silly tarball no local data for mongodb@https://registry.npmjs.org/mongodb/-/mongodb-6.16.0.tgz. Extracting by manifest.
471 silly tarball no local data for escape-string-regexp@https://registry.npmjs.org/escape-string-regexp/-/escape-string-regexp-4.0.0.tgz. Extracting by manifest.
472 silly tarball no local data for qlobber@https://registry.npmjs.org/qlobber/-/qlobber-7.0.1.tgz. Extracting by manifest.
473 silly tarball no local data for uuid@https://registry.npmjs.org/uuid/-/uuid-10.0.0.tgz. Extracting by manifest.
474 silly tarball no local data for reusify@https://registry.npmjs.org/reusify/-/reusify-1.1.0.tgz. Extracting by manifest.
475 silly tarball no local data for mqtt-packet@https://registry.npmjs.org/mqtt-packet/-/mqtt-packet-9.0.2.tgz. Extracting by manifest.
476 silly tarball no local data for retimer@https://registry.npmjs.org/retimer/-/retimer-4.0.0.tgz. Extracting by manifest.
477 silly tarball no local data for mqemitter@https://registry.npmjs.org/mqemitter/-/mqemitter-6.0.2.tgz. Extracting by manifest.
478 silly tarball no local data for hyperid@https://registry.npmjs.org/hyperid/-/hyperid-3.3.0.tgz. Extracting by manifest.
479 silly tarball no local data for fastseries@https://registry.npmjs.org/fastseries/-/fastseries-2.0.0.tgz. Extracting by manifest.
480 silly tarball no local data for fastparallel@https://registry.npmjs.org/fastparallel/-/fastparallel-2.4.1.tgz. Extracting by manifest.
481 silly tarball no local data for fastfall@https://registry.npmjs.org/fastfall/-/fastfall-1.5.1.tgz. Extracting by manifest.
482 silly tarball no local data for end-of-stream@https://registry.npmjs.org/end-of-stream/-/end-of-stream-1.4.4.tgz. Extracting by manifest.
483 silly tarball no local data for aedes-persistence@https://registry.npmjs.org/aedes-persistence/-/aedes-persistence-9.1.2.tgz. Extracting by manifest.
484 silly tarball no local data for aedes-packet@https://registry.npmjs.org/aedes-packet/-/aedes-packet-3.0.0.tgz. Extracting by manifest.
485 silly tarball no local data for websocket-stream@https://registry.npmjs.org/websocket-stream/-/websocket-stream-5.5.2.tgz. Extracting by manifest.
486 silly tarball no local data for aedes-persistence-mongodb@https://registry.npmjs.org/aedes-persistence-mongodb/-/aedes-persistence-mongodb-9.3.0.tgz. Extracting by manifest.
487 silly tarball no local data for aedes@https://registry.npmjs.org/aedes/-/aedes-0.51.3.tgz. Extracting by manifest.
488 silly tarball no local data for node-red-contrib-aedes@https://registry.npmjs.org/node-red-contrib-aedes/-/node-red-contrib-aedes-0.13.0.tgz. Extracting by manifest.
489 silly tarball no local data for string_decoder@https://registry.npmjs.org/string_decoder/-/string_decoder-1.1.1.tgz. Extracting by manifest.
490 silly tarball no local data for safe-buffer@https://registry.npmjs.org/safe-buffer/-/safe-buffer-5.1.2.tgz. Extracting by manifest.
491 silly tarball no local data for buffer@https://registry.npmjs.org/buffer/-/buffer-6.0.3.tgz. Extracting by manifest.
492 silly tarball no local data for buffer@https://registry.npmjs.org/buffer/-/buffer-6.0.3.tgz. Extracting by manifest.
493 silly tarball no local data for readable-stream@https://registry.npmjs.org/readable-stream/-/readable-stream-2.3.8.tgz. Extracting by manifest.
494 silly tarball no local data for debug@https://registry.npmjs.org/debug/-/debug-4.4.1.tgz. Extracting by manifest.
495 silly tarball no local data for qlobber@https://registry.npmjs.org/qlobber/-/qlobber-8.0.1.tgz. Extracting by manifest.
496 silly tarball no local data for uuid@https://registry.npmjs.org/uuid/-/uuid-8.3.2.tgz. Extracting by manifest.
497 silly tarball no local data for readable-stream@https://registry.npmjs.org/readable-stream/-/readable-stream-3.6.2.tgz. Extracting by manifest.
498 silly tarball no local data for debug@https://registry.npmjs.org/debug/-/debug-4.4.1.tgz. Extracting by manifest.
499 silly tarball no local data for bl@https://registry.npmjs.org/bl/-/bl-4.1.0.tgz. Extracting by manifest.
500 silly tarball no local data for mqtt-packet@https://registry.npmjs.org/mqtt-packet/-/mqtt-packet-7.1.2.tgz. Extracting by manifest.
501 silly tarball no local data for string_decoder@https://registry.npmjs.org/string_decoder/-/string_decoder-1.1.1.tgz. Extracting by manifest.
502 silly tarball no local data for qlobber@https://registry.npmjs.org/qlobber/-/qlobber-8.0.1.tgz. Extracting by manifest.
503 silly tarball no local data for ws@https://registry.npmjs.org/ws/-/ws-3.3.3.tgz. Extracting by manifest.
504 silly tarball no local data for readable-stream@https://registry.npmjs.org/readable-stream/-/readable-stream-2.3.8.tgz. Extracting by manifest.
505 silly tarball no local data for aedes-persistence@https://registry.npmjs.org/aedes-persistence/-/aedes-persistence-10.2.0.tgz. Extracting by manifest.
506 silly tarball no local data for safe-buffer@https://registry.npmjs.org/safe-buffer/-/safe-buffer-5.1.2.tgz. Extracting by manifest.
507 http fetch GET 200 https://registry.npmjs.org/async-limiter/-/async-limiter-1.0.1.tgz 638ms (cache miss)
508 http fetch GET 200 https://registry.npmjs.org/fast-unique-numbers/-/fast-unique-numbers-8.0.13.tgz 630ms (cache miss)
509 http fetch GET 200 https://registry.npmjs.org/isarray/-/isarray-1.0.0.tgz 637ms (cache miss)
510 http fetch GET 200 https://registry.npmjs.org/worker-timers/-/worker-timers-7.1.8.tgz 646ms (cache miss)
511 http fetch GET 200 https://registry.npmjs.org/util-deprecate/-/util-deprecate-1.0.2.tgz 702ms (cache miss)
512 http fetch GET 200 https://registry.npmjs.org/core-util-is/-/core-util-is-1.0.3.tgz 705ms (cache miss)
513 http fetch GET 200 https://registry.npmjs.org/ultron/-/ultron-1.1.1.tgz 712ms (cache miss)
514 http fetch GET 200 https://registry.npmjs.org/worker-timers-worker/-/worker-timers-worker-7.0.71.tgz 700ms (cache miss)
515 http fetch GET 200 https://registry.npmjs.org/duplexify/-/duplexify-3.7.1.tgz 702ms (cache miss)
516 http fetch GET 200 https://registry.npmjs.org/process/-/process-0.11.10.tgz 696ms (cache miss)
517 http fetch GET 200 https://registry.npmjs.org/string_decoder/-/string_decoder-1.3.0.tgz 763ms (cache miss)
518 http fetch GET 200 https://registry.npmjs.org/wrappy/-/wrappy-1.0.2.tgz 760ms (cache miss)
519 http fetch GET 200 https://registry.npmjs.org/@types/whatwg-url/-/whatwg-url-11.0.5.tgz 748ms (cache miss)
520 http fetch GET 200 https://registry.npmjs.org/process-nextick-args/-/process-nextick-args-2.0.1.tgz 789ms (cache miss)
521 http fetch GET 200 https://registry.npmjs.org/@types/webidl-conversions/-/webidl-conversions-7.0.3.tgz 826ms (cache miss)
522 http fetch GET 200 https://registry.npmjs.org/@types/readable-stream/-/readable-stream-4.0.21.tgz 910ms (cache miss)
523 http fetch GET 200 https://registry.npmjs.org/abort-controller/-/abort-controller-3.0.0.tgz 954ms (cache miss)
524 http fetch GET 200 https://registry.npmjs.org/sparse-bitfield/-/sparse-bitfield-3.0.3.tgz 936ms (cache miss)
525 http fetch GET 200 https://registry.npmjs.org/mongodb-connection-string-url/-/mongodb-connection-string-url-3.0.2.tgz 939ms (cache miss)
526 http fetch GET 200 https://registry.npmjs.org/event-target-shim/-/event-target-shim-5.0.1.tgz 1060ms (cache miss)
527 http fetch GET 200 https://registry.npmjs.org/ieee754/-/ieee754-1.2.1.tgz 1053ms (cache miss)
528 http fetch GET 200 https://registry.npmjs.org/uuid-parse/-/uuid-parse-1.1.0.tgz 1108ms (cache miss)
529 http fetch GET 200 https://registry.npmjs.org/base64-js/-/base64-js-1.5.1.tgz 1105ms (cache miss)
530 http fetch GET 200 https://registry.npmjs.org/once/-/once-1.4.0.tgz 1104ms (cache miss)
531 http fetch GET 200 https://registry.npmjs.org/escape-string-regexp/-/escape-string-regexp-4.0.0.tgz 1101ms (cache miss)
532 http fetch GET 200 https://registry.npmjs.org/bl/-/bl-6.1.0.tgz 1140ms (cache miss)
533 http fetch GET 200 https://registry.npmjs.org/whatwg-url/-/whatwg-url-14.2.0.tgz 1138ms (cache miss)
534 http fetch GET 200 https://registry.npmjs.org/memory-pager/-/memory-pager-1.5.0.tgz 1166ms (cache miss)
535 http fetch GET 200 https://registry.npmjs.org/xtend/-/xtend-4.0.2.tgz 1126ms (cache miss)
536 http fetch GET 200 https://registry.npmjs.org/qlobber/-/qlobber-7.0.1.tgz 1119ms (cache miss)
537 http fetch GET 200 https://registry.npmjs.org/buffer/-/buffer-5.7.1.tgz 1144ms (cache miss)
538 http fetch GET 200 https://registry.npmjs.org/stream-shift/-/stream-shift-1.0.3.tgz 1220ms (cache miss)
539 http fetch GET 200 https://registry.npmjs.org/fastfall/-/fastfall-1.5.1.tgz 1148ms (cache miss)
540 http fetch GET 200 https://registry.npmjs.org/aedes-persistence-mongodb/-/aedes-persistence-mongodb-9.3.0.tgz 1145ms (cache miss)
541 http fetch GET 200 https://registry.npmjs.org/aedes-packet/-/aedes-packet-3.0.0.tgz 1157ms (cache miss)
542 http fetch GET 200 https://registry.npmjs.org/websocket-stream/-/websocket-stream-5.5.2.tgz 1157ms (cache miss)
543 http fetch GET 200 https://registry.npmjs.org/webidl-conversions/-/webidl-conversions-7.0.0.tgz 1252ms (cache miss)
544 http fetch GET 200 https://registry.npmjs.org/punycode/-/punycode-2.3.1.tgz 1259ms (cache miss)
545 http fetch GET 200 https://registry.npmjs.org/hyperid/-/hyperid-3.3.0.tgz 1183ms (cache miss)
546 http fetch GET 200 https://registry.npmjs.org/fastparallel/-/fastparallel-2.4.1.tgz 1181ms (cache miss)
547 http fetch GET 200 https://registry.npmjs.org/fastseries/-/fastseries-2.0.0.tgz 1183ms (cache miss)
548 http fetch GET 200 https://registry.npmjs.org/end-of-stream/-/end-of-stream-1.4.4.tgz 1189ms (cache miss)
549 http fetch GET 200 https://registry.npmjs.org/buffer/-/buffer-6.0.3.tgz 1182ms (cache miss)
550 http fetch GET 200 https://registry.npmjs.org/debug/-/debug-4.4.1.tgz 1179ms (cache miss)
551 http fetch GET 200 https://registry.npmjs.org/qlobber/-/qlobber-8.0.1.tgz 1192ms (cache miss)
552 http fetch GET 200 https://registry.npmjs.org/retimer/-/retimer-4.0.0.tgz 1229ms (cache miss)
553 http fetch GET 200 https://registry.npmjs.org/safe-buffer/-/safe-buffer-5.1.2.tgz 1175ms (cache miss)
554 http fetch GET 200 https://registry.npmjs.org/string_decoder/-/string_decoder-1.1.1.tgz 1197ms (cache miss)
555 http fetch GET 200 https://registry.npmjs.org/reusify/-/reusify-1.1.0.tgz 1253ms (cache miss)
556 http fetch GET 200 https://registry.npmjs.org/aedes-persistence/-/aedes-persistence-9.1.2.tgz 1238ms (cache miss)
557 http fetch GET 200 https://registry.npmjs.org/debug/-/debug-4.4.1.tgz 1219ms (cache miss)
558 http fetch GET 200 https://registry.npmjs.org/events/-/events-3.3.0.tgz 1309ms (cache miss)
559 http fetch GET 200 https://registry.npmjs.org/string_decoder/-/string_decoder-1.1.1.tgz 1248ms (cache miss)
560 http fetch GET 200 https://registry.npmjs.org/safe-buffer/-/safe-buffer-5.1.2.tgz 1258ms (cache miss)
561 http fetch GET 200 https://registry.npmjs.org/worker-timers-broker/-/worker-timers-broker-6.1.8.tgz 1478ms (cache miss)
562 http fetch GET 200 https://registry.npmjs.org/qlobber/-/qlobber-8.0.1.tgz 1354ms (cache miss)
563 http fetch GET 200 https://registry.npmjs.org/bl/-/bl-4.1.0.tgz 1370ms (cache miss)
564 http fetch GET 200 https://registry.npmjs.org/mqemitter/-/mqemitter-6.0.2.tgz 1414ms (cache miss)
565 http fetch GET 200 https://registry.npmjs.org/mqtt-packet/-/mqtt-packet-7.1.2.tgz 1368ms (cache miss)
566 http fetch GET 200 https://registry.npmjs.org/tslib/-/tslib-2.8.1.tgz 1497ms (cache miss)
567 http fetch GET 200 https://registry.npmjs.org/readable-stream/-/readable-stream-2.3.8.tgz 1400ms (cache miss)
568 http fetch GET 200 https://registry.npmjs.org/buffer/-/buffer-6.0.3.tgz 1407ms (cache miss)
569 http fetch GET 200 https://registry.npmjs.org/readable-stream/-/readable-stream-2.3.8.tgz 1385ms (cache miss)
570 http fetch GET 200 https://registry.npmjs.org/ws/-/ws-3.3.3.tgz 1401ms (cache miss)
571 http fetch GET 200 https://registry.npmjs.org/aedes-persistence/-/aedes-persistence-10.2.0.tgz 1419ms (cache miss)
572 http fetch GET 200 https://registry.npmjs.org/readable-stream/-/readable-stream-4.7.0.tgz 1562ms (cache miss)
573 http fetch GET 200 https://registry.npmjs.org/mqtt-packet/-/mqtt-packet-9.0.2.tgz 1526ms (cache miss)
574 http fetch GET 200 https://registry.npmjs.org/readable-stream/-/readable-stream-3.6.2.tgz 1548ms (cache miss)
575 http fetch GET 200 https://registry.npmjs.org/tr46/-/tr46-5.1.1.tgz 1651ms (cache miss)
576 http fetch GET 200 https://registry.npmjs.org/node-red-contrib-aedes/-/node-red-contrib-aedes-0.13.0.tgz 1621ms (cache miss)
577 http fetch GET 200 https://registry.npmjs.org/@mongodb-js/saslprep/-/saslprep-1.2.2.tgz 1672ms (cache miss)
578 http fetch GET 200 https://registry.npmjs.org/uuid/-/uuid-8.3.2.tgz 1690ms (cache miss)
579 http fetch GET 200 https://registry.npmjs.org/aedes/-/aedes-0.51.3.tgz 1728ms (cache miss)
580 http fetch GET 200 https://registry.npmjs.org/uuid/-/uuid-10.0.0.tgz 1800ms (cache miss)
581 http fetch GET 200 https://registry.npmjs.org/bson/-/bson-6.10.4.tgz 1969ms (cache miss)
582 http fetch GET 200 https://registry.npmjs.org/@babel/runtime/-/runtime-7.27.6.tgz 2036ms (cache miss)
583 http fetch GET 200 https://registry.npmjs.org/mongodb/-/mongodb-6.16.0.tgz 2244ms (cache miss)
584 silly ADD node_modules/ultron
585 silly ADD node_modules/async-limiter
586 silly ADD node_modules/isarray
587 silly ADD node_modules/core-util-is
588 silly ADD node_modules/util-deprecate
589 silly ADD node_modules/fast-unique-numbers
590 silly ADD node_modules/worker-timers-worker
591 silly ADD node_modules/worker-timers-broker
592 silly ADD node_modules/tslib
593 silly ADD node_modules/@babel/runtime
594 silly ADD node_modules/punycode
595 silly ADD node_modules/webidl-conversions
596 silly ADD node_modules/tr46
597 silly ADD node_modules/stream-shift
598 silly ADD node_modules/duplexify
599 silly ADD node_modules/duplexify/node_modules/string_decoder
600 silly ADD node_modules/duplexify/node_modules/safe-buffer
601 silly ADD node_modules/duplexify/node_modules/readable-stream
602 silly ADD node_modules/memory-pager
603 silly ADD node_modules/worker-timers
604 silly ADD node_modules/event-target-shim
605 silly ADD node_modules/string_decoder
606 silly ADD node_modules/process
607 silly ADD node_modules/events
608 silly ADD node_modules/abort-controller
609 silly ADD node_modules/wrappy
610 silly ADD node_modules/readable-stream
611 silly ADD node_modules/readable-stream/node_modules/buffer
612 silly ADD node_modules/@types/readable-stream
613 silly ADD node_modules/process-nextick-args
614 silly ADD node_modules/bl
615 silly ADD node_modules/bl/node_modules/buffer
616 silly ADD node_modules/@types/webidl-conversions
617 silly ADD node_modules/whatwg-url
618 silly ADD node_modules/@types/whatwg-url
619 silly ADD node_modules/sparse-bitfield
620 silly ADD node_modules/mongodb-connection-string-url
621 silly ADD node_modules/bson
622 silly ADD node_modules/@mongodb-js/saslprep
623 silly ADD node_modules/ieee754
624 silly ADD node_modules/base64-js
625 silly ADD node_modules/uuid-parse
626 silly ADD node_modules/buffer
627 silly ADD node_modules/xtend
628 silly ADD node_modules/once
629 silly ADD node_modules/mongodb
630 silly ADD node_modules/escape-string-regexp
631 silly ADD node_modules/qlobber
632 silly ADD node_modules/uuid
633 silly ADD node_modules/reusify
634 silly ADD node_modules/retimer
635 silly ADD node_modules/mqtt-packet
636 silly ADD node_modules/mqtt-packet/node_modules/ms
637 silly ADD node_modules/mqtt-packet/node_modules/debug
638 silly ADD node_modules/mqemitter
639 silly ADD node_modules/mqemitter/node_modules/qlobber
640 silly ADD node_modules/hyperid
641 silly ADD node_modules/hyperid/node_modules/uuid
642 silly ADD node_modules/fastseries
643 silly ADD node_modules/fastparallel
644 silly ADD node_modules/fastfall
645 silly ADD node_modules/end-of-stream
646 silly ADD node_modules/aedes-persistence
647 silly ADD node_modules/aedes-packet
648 silly ADD node_modules/aedes-packet/node_modules/ms
649 silly ADD node_modules/aedes-packet/node_modules/readable-stream
650 silly ADD node_modules/aedes-packet/node_modules/debug
651 silly ADD node_modules/aedes-packet/node_modules/bl
652 silly ADD node_modules/aedes-packet/node_modules/mqtt-packet
653 silly ADD node_modules/websocket-stream
654 silly ADD node_modules/websocket-stream/node_modules/string_decoder
655 silly ADD node_modules/websocket-stream/node_modules/safe-buffer
656 silly ADD node_modules/websocket-stream/node_modules/ws
657 silly ADD node_modules/websocket-stream/node_modules/readable-stream
658 silly ADD node_modules/aedes-persistence-mongodb
659 silly ADD node_modules/aedes-persistence-mongodb/node_modules/qlobber
660 silly ADD node_modules/aedes-persistence-mongodb/node_modules/aedes-persistence
661 silly ADD node_modules/aedes
662 silly ADD node_modules/node-red-contrib-aedes
663 verbose cwd /data
664 verbose os Linux 6.9.3-76060903-generic
665 verbose node v20.19.0
666 verbose npm  v10.8.2
667 verbose exit 0
668 info ok
